This file contains any messages produced by compilers while
running configure, to aid debugging if configure makes a mistake.

It was created by cpuminer configure 2.3.2, which was
generated by GNU Autoconf 2.71.  Invocation command line was

  $ ./configure --host=armv7a --with-libcurl=curl-android-ios-master/prebuilt-with-ssl/android/ --disable-dependency-tracking

## --------- ##
## Platform. ##
## --------- ##

hostname = DESKTOP-RQPA8KB
uname -m = x86_64
uname -r = 3.4.3-1.x86_64
uname -s = CYGWIN_NT-10.0-19044
uname -v = 2022-12-16 12:38 UTC

/usr/bin/uname -p = unknown
/bin/uname -X     = unknown

/bin/arch              = x86_64
/usr/bin/arch -k       = unknown
/usr/convex/getsysinfo = unknown
/usr/bin/hostinfo      = unknown
/bin/machine           = unknown
/usr/bin/oslevel       = unknown
/bin/universe          = unknown

PATH: /cygdrive/c/Users/oruge/AppData/Local/Android/Sdk//ndk/25.1.8937393/toolchains/llvm/prebuilt/windows-x86_64/bin/
PATH: ./
PATH: /usr/local/bin/
PATH: /usr/bin/
PATH: /cygdrive/c/Program Files/Common Files/Oracle/Java/javapath/
PATH: /cygdrive/c/Program Files (x86)/Embarcadero/Studio/21.0/bin/
PATH: /cygdrive/c/Users/Public/Documents/Embarcadero/Studio/21.0/Bpl/
PATH: /cygdrive/c/Program Files (x86)/Embarcadero/Studio/21.0/bin64/
PATH: /cygdrive/c/Users/Public/Documents/Embarcadero/Studio/21.0/Bpl/Win64/
PATH: /cygdrive/c/Windows/system32/
PATH: /cygdrive/c/Windows/
PATH: /cygdrive/c/Windows/System32/Wbem/
PATH: /cygdrive/c/Windows/System32/WindowsPowerShell/v1.0/
PATH: /cygdrive/c/Windows/System32/OpenSSH/
PATH: /cygdrive/c/Program Files/dotnet/
PATH: /cygdrive/c/Program Files/Microsoft SQL Server/150/Tools/Binn/
PATH: /cygdrive/c/Program Files/Microsoft SQL Server/Client SDK/ODBC/170/Tools/Binn/
PATH: /cygdrive/c/Program Files (x86)/Windows Kits/10/Windows Performance Toolkit/
PATH: /cygdrive/c/Users/oruge/OneDrive/Рабочий стол/upx-4.0.1-win64/
PATH: /cygdrive/c/Program Files (x86)/GnuPG/bin/
PATH: /cygdrive/c/Program Files/LLVM/bin/
PATH: /cygdrive/c/Program Files/Git/cmd/
PATH: /cygdrive/c/Users/oruge/AppData/Local/Programs/Python/Python311/Scripts/
PATH: /cygdrive/c/Users/oruge/AppData/Local/Programs/Python/Python311/
PATH: /cygdrive/c/Users/oruge/AppData/Local/Microsoft/WindowsApps/
PATH: /cygdrive/c/Users/oruge/.dotnet/tools/
PATH: /cygdrive/c/lazarus/fpc/2.2.2/bin/i386-win32/
PATH: /cygdrive/c/lazarus/fpc/3.2.2/bin/x86_64-win64/
PATH: /cygdrive/c/Program Files/JetBrains/IntelliJ IDEA Community Edition 2022.3/bin/
PATH: /cygdrive/c/Program Files/Java/jdk-17.0.5/bin/
PATH: /cygdrive/c/jmasm/


## ----------- ##
## Core tests. ##
## ----------- ##

configure:2531: looking for aux files: compile missing install-sh config.guess config.sub
configure:2544:  trying ./
configure:2573:   ./compile found
configure:2573:   ./missing found
configure:2555:   ./install-sh found
configure:2573:   ./config.guess found
configure:2573:   ./config.sub found
configure:2693: checking build system type
configure:2708: result: x86_64-pc-cygwin
configure:2728: checking host system type
configure:2742: result: armv7a-unknown-none
configure:2762: checking target system type
configure:2776: result: armv7a-unknown-none
configure:2821: checking for a BSD-compatible install
configure:2894: result: /usr/bin/install -c
configure:2905: checking whether build environment is sane
configure:2960: result: yes
configure:3016: checking for armv7a-strip
configure:3051: result: no
configure:3061: checking for strip
configure:3082: found /usr/bin/strip
configure:3093: result: strip
configure:3119: checking for a race-free mkdir -p
configure:3163: result: /usr/bin/mkdir -p
configure:3170: checking for gawk
configure:3191: found /usr/bin/gawk
configure:3202: result: gawk
configure:3213: checking whether make sets $(MAKE)
configure:3236: result: yes
configure:3266: checking whether make supports nested variables
configure:3284: result: no
configure:3424: checking whether to enable maintainer-specific portions of Makefiles
configure:3434: result: no
configure:3461: checking whether make supports the include directive
configure:3476: make -f confmf.GNU && cat confinc.out
MAKE Version 5.43  Copyright (c) 1987, 2019 Embarcadero Technologies, Inc.
Error confmf.GNU 2: Command syntax error
*** 1 errors during make ***
configure:3479: $? = 1
configure:3476: make -f confmf.BSD && cat confinc.out
MAKE Version 5.43  Copyright (c) 1987, 2019 Embarcadero Technologies, Inc.
Error confmf.BSD 2: Colon expected
*** 1 errors during make ***
configure:3479: $? = 1
configure:3498: result: no
configure:3529: checking for armv7a-gcc
configure:3561: result: /cygdrive/c/Users/oruge/AppData/Local/Android/Sdk/ndk/25.1.8937393/toolchains/llvm/prebuilt/windows-x86_64/bin/armv7a-linux-androideabi23-clang
configure:3959: checking for C compiler version
configure:3968: /cygdrive/c/Users/oruge/AppData/Local/Android/Sdk/ndk/25.1.8937393/toolchains/llvm/prebuilt/windows-x86_64/bin/armv7a-linux-androideabi23-clang --version >&5
Android (8490178, based on r450784d) clang version 14.0.6 (https://android.googlesource.com/toolchain/llvm-project 4c603efb0cca074e9238af8b4106c30add4418f6)
Target: armv7a-unknown-linux-android23
Thread model: posix
InstalledDir: C:/Users/oruge/AppData/Local/Android/Sdk/ndk/25.1.8937393/toolchains/llvm/prebuilt/windows-x86_64/bin
configure:3979: $? = 0
configure:3968: /cygdrive/c/Users/oruge/AppData/Local/Android/Sdk/ndk/25.1.8937393/toolchains/llvm/prebuilt/windows-x86_64/bin/armv7a-linux-androideabi23-clang -v >&5
Android (8490178, based on r450784d) clang version 14.0.6 (https://android.googlesource.com/toolchain/llvm-project 4c603efb0cca074e9238af8b4106c30add4418f6)
Target: armv7a-unknown-linux-android23
Thread model: posix
InstalledDir: C:/Users/oruge/AppData/Local/Android/Sdk/ndk/25.1.8937393/toolchains/llvm/prebuilt/windows-x86_64/bin
configure:3979: $? = 0
configure:3968: /cygdrive/c/Users/oruge/AppData/Local/Android/Sdk/ndk/25.1.8937393/toolchains/llvm/prebuilt/windows-x86_64/bin/armv7a-linux-androideabi23-clang -V >&5
clang: error: argument to '-V' is missing (expected 1 value)
clang: error: no input files
configure:3979: $? = 1
configure:3968: /cygdrive/c/Users/oruge/AppData/Local/Android/Sdk/ndk/25.1.8937393/toolchains/llvm/prebuilt/windows-x86_64/bin/armv7a-linux-androideabi23-clang -qversion >&5
clang: error: unknown argument '-qversion'; did you mean '--version'?
clang: error: no input files
configure:3979: $? = 1
configure:3968: /cygdrive/c/Users/oruge/AppData/Local/Android/Sdk/ndk/25.1.8937393/toolchains/llvm/prebuilt/windows-x86_64/bin/armv7a-linux-androideabi23-clang -version >&5
clang: error: unknown argument '-version'; did you mean '--version'?
clang: error: no input files
configure:3979: $? = 1
configure:3999: checking whether the C compiler works
configure:4021: /cygdrive/c/Users/oruge/AppData/Local/Android/Sdk/ndk/25.1.8937393/toolchains/llvm/prebuilt/windows-x86_64/bin/armv7a-linux-androideabi23-clang -Icurl-android-ios-master/prebuilt-with-ssl/android/include  -L/. conftest.c  >&5
configure:4025: $? = 0
configure:4075: result: yes
configure:4078: checking for C compiler default output file name
configure:4080: result: a.out
configure:4086: checking for suffix of executables
configure:4093: /cygdrive/c/Users/oruge/AppData/Local/Android/Sdk/ndk/25.1.8937393/toolchains/llvm/prebuilt/windows-x86_64/bin/armv7a-linux-androideabi23-clang -o conftest -Icurl-android-ios-master/prebuilt-with-ssl/android/include  -L/. conftest.c  >&5
configure:4097: $? = 0
configure:4120: result: 
configure:4142: checking whether we are cross compiling
configure:4150: /cygdrive/c/Users/oruge/AppData/Local/Android/Sdk/ndk/25.1.8937393/toolchains/llvm/prebuilt/windows-x86_64/bin/armv7a-linux-androideabi23-clang -o conftest -Icurl-android-ios-master/prebuilt-with-ssl/android/include  -L/. conftest.c  >&5
configure:4154: $? = 0
configure:4161: ./conftest
./configure: line 4163: ./conftest: cannot execute binary file: Exec format error
configure:4165: $? = 126
configure:4180: result: yes
configure:4185: checking for suffix of object files
configure:4208: /cygdrive/c/Users/oruge/AppData/Local/Android/Sdk/ndk/25.1.8937393/toolchains/llvm/prebuilt/windows-x86_64/bin/armv7a-linux-androideabi23-clang -c -Icurl-android-ios-master/prebuilt-with-ssl/android/include  conftest.c >&5
configure:4212: $? = 0
configure:4234: result: o
configure:4238: checking whether the compiler supports GNU C
configure:4258: /cygdrive/c/Users/oruge/AppData/Local/Android/Sdk/ndk/25.1.8937393/toolchains/llvm/prebuilt/windows-x86_64/bin/armv7a-linux-androideabi23-clang -c -Icurl-android-ios-master/prebuilt-with-ssl/android/include  conftest.c >&5
configure:4258: $? = 0
configure:4268: result: yes
configure:4279: checking whether /cygdrive/c/Users/oruge/AppData/Local/Android/Sdk/ndk/25.1.8937393/toolchains/llvm/prebuilt/windows-x86_64/bin/armv7a-linux-androideabi23-clang accepts -g
configure:4300: /cygdrive/c/Users/oruge/AppData/Local/Android/Sdk/ndk/25.1.8937393/toolchains/llvm/prebuilt/windows-x86_64/bin/armv7a-linux-androideabi23-clang -c -g  conftest.c >&5
configure:4300: $? = 0
configure:4344: result: yes
configure:4364: checking for /cygdrive/c/Users/oruge/AppData/Local/Android/Sdk/ndk/25.1.8937393/toolchains/llvm/prebuilt/windows-x86_64/bin/armv7a-linux-androideabi23-clang option to enable C11 features
configure:4379: /cygdrive/c/Users/oruge/AppData/Local/Android/Sdk/ndk/25.1.8937393/toolchains/llvm/prebuilt/windows-x86_64/bin/armv7a-linux-androideabi23-clang  -c -Icurl-android-ios-master/prebuilt-with-ssl/android/include  conftest.c >&5
configure:4379: $? = 0
configure:4397: result: none needed
configure:4513: checking whether /cygdrive/c/Users/oruge/AppData/Local/Android/Sdk/ndk/25.1.8937393/toolchains/llvm/prebuilt/windows-x86_64/bin/armv7a-linux-androideabi23-clang understands -c and -o together
configure:4536: /cygdrive/c/Users/oruge/AppData/Local/Android/Sdk/ndk/25.1.8937393/toolchains/llvm/prebuilt/windows-x86_64/bin/armv7a-linux-androideabi23-clang -c conftest.c -o conftest2.o
configure:4539: $? = 0
configure:4536: /cygdrive/c/Users/oruge/AppData/Local/Android/Sdk/ndk/25.1.8937393/toolchains/llvm/prebuilt/windows-x86_64/bin/armv7a-linux-androideabi23-clang -c conftest.c -o conftest2.o
configure:4539: $? = 0
configure:4551: result: yes
configure:4570: checking dependency style of /cygdrive/c/Users/oruge/AppData/Local/Android/Sdk/ndk/25.1.8937393/toolchains/llvm/prebuilt/windows-x86_64/bin/armv7a-linux-androideabi23-clang
configure:4682: result: none
configure:4704: checking how to run the C preprocessor
configure:4730: /cygdrive/c/Users/oruge/AppData/Local/Android/Sdk/ndk/25.1.8937393/toolchains/llvm/prebuilt/windows-x86_64/bin/armv7a-linux-androideabi23-clang -E  conftest.c
configure:4730: $? = 0
configure:4745: /cygdrive/c/Users/oruge/AppData/Local/Android/Sdk/ndk/25.1.8937393/toolchains/llvm/prebuilt/windows-x86_64/bin/armv7a-linux-androideabi23-clang -E  conftest.c
conftest.c:11:10: fatal error: 'ac_nonexistent.h' file not found
#include <ac_nonexistent.h>
         ^~~~~~~~~~~~~~~~~~
1 error generated.
configure:4745: $? = 1
configure: failed program was:
| /* confdefs.h */
| #define PACKAGE_NAME "cpuminer"
| #define PACKAGE_TARNAME "cpuminer"
| #define PACKAGE_VERSION "2.3.2"
| #define PACKAGE_STRING "cpuminer 2.3.2"
| #define PACKAGE_BUGREPORT ""
| #define PACKAGE_URL ""
| #define PACKAGE "cpuminer"
| #define VERSION "2.3.2"
| /* end confdefs.h.  */
| #include <ac_nonexistent.h>
configure:4772: result: /cygdrive/c/Users/oruge/AppData/Local/Android/Sdk/ndk/25.1.8937393/toolchains/llvm/prebuilt/windows-x86_64/bin/armv7a-linux-androideabi23-clang -E
configure:4786: /cygdrive/c/Users/oruge/AppData/Local/Android/Sdk/ndk/25.1.8937393/toolchains/llvm/prebuilt/windows-x86_64/bin/armv7a-linux-androideabi23-clang -E  conftest.c
configure:4786: $? = 0
configure:4801: /cygdrive/c/Users/oruge/AppData/Local/Android/Sdk/ndk/25.1.8937393/toolchains/llvm/prebuilt/windows-x86_64/bin/armv7a-linux-androideabi23-clang -E  conftest.c
conftest.c:11:10: fatal error: 'ac_nonexistent.h' file not found
#include <ac_nonexistent.h>
         ^~~~~~~~~~~~~~~~~~
1 error generated.
configure:4801: $? = 1
configure: failed program was:
| /* confdefs.h */
| #define PACKAGE_NAME "cpuminer"
| #define PACKAGE_TARNAME "cpuminer"
| #define PACKAGE_VERSION "2.3.2"
| #define PACKAGE_STRING "cpuminer 2.3.2"
| #define PACKAGE_BUGREPORT ""
| #define PACKAGE_URL ""
| #define PACKAGE "cpuminer"
| #define VERSION "2.3.2"
| /* end confdefs.h.  */
| #include <ac_nonexistent.h>
configure:4832: checking for grep that handles long lines and -e
configure:4896: result: /usr/bin/grep
configure:4901: checking for egrep
configure:4969: result: /usr/bin/grep -E
configure:4975: checking whether /cygdrive/c/Users/oruge/AppData/Local/Android/Sdk/ndk/25.1.8937393/toolchains/llvm/prebuilt/windows-x86_64/bin/armv7a-linux-androideabi23-clang needs -traditional
conftest.c:11:10: fatal error: 'sgtty.h' file not found
#include <sgtty.h>
         ^~~~~~~~~
1 error generated.
configure:5012: result: no
configure:5029: checking dependency style of /cygdrive/c/Users/oruge/AppData/Local/Android/Sdk/ndk/25.1.8937393/toolchains/llvm/prebuilt/windows-x86_64/bin/armv7a-linux-androideabi23-clang
configure:5139: result: none
configure:5157: checking for armv7a-ranlib
configure:5192: result: no
configure:5202: checking for ranlib
configure:5223: found /usr/bin/ranlib
configure:5234: result: ranlib
configure:5246: WARNING: using cross tools not prefixed with host triplet
configure:5261: checking for stdio.h
configure:5261: /cygdrive/c/Users/oruge/AppData/Local/Android/Sdk/ndk/25.1.8937393/toolchains/llvm/prebuilt/windows-x86_64/bin/armv7a-linux-androideabi23-clang -c -Icurl-android-ios-master/prebuilt-with-ssl/android/include  conftest.c >&5
configure:5261: $? = 0
configure:5261: result: yes
configure:5261: checking for stdlib.h
configure:5261: /cygdrive/c/Users/oruge/AppData/Local/Android/Sdk/ndk/25.1.8937393/toolchains/llvm/prebuilt/windows-x86_64/bin/armv7a-linux-androideabi23-clang -c -Icurl-android-ios-master/prebuilt-with-ssl/android/include  conftest.c >&5
configure:5261: $? = 0
configure:5261: result: yes
configure:5261: checking for string.h
configure:5261: /cygdrive/c/Users/oruge/AppData/Local/Android/Sdk/ndk/25.1.8937393/toolchains/llvm/prebuilt/windows-x86_64/bin/armv7a-linux-androideabi23-clang -c -Icurl-android-ios-master/prebuilt-with-ssl/android/include  conftest.c >&5
configure:5261: $? = 0
configure:5261: result: yes
configure:5261: checking for inttypes.h
configure:5261: /cygdrive/c/Users/oruge/AppData/Local/Android/Sdk/ndk/25.1.8937393/toolchains/llvm/prebuilt/windows-x86_64/bin/armv7a-linux-androideabi23-clang -c -Icurl-android-ios-master/prebuilt-with-ssl/android/include  conftest.c >&5
configure:5261: $? = 0
configure:5261: result: yes
configure:5261: checking for stdint.h
configure:5261: /cygdrive/c/Users/oruge/AppData/Local/Android/Sdk/ndk/25.1.8937393/toolchains/llvm/prebuilt/windows-x86_64/bin/armv7a-linux-androideabi23-clang -c -Icurl-android-ios-master/prebuilt-with-ssl/android/include  conftest.c >&5
configure:5261: $? = 0
configure:5261: result: yes
configure:5261: checking for strings.h
configure:5261: /cygdrive/c/Users/oruge/AppData/Local/Android/Sdk/ndk/25.1.8937393/toolchains/llvm/prebuilt/windows-x86_64/bin/armv7a-linux-androideabi23-clang -c -Icurl-android-ios-master/prebuilt-with-ssl/android/include  conftest.c >&5
configure:5261: $? = 0
configure:5261: result: yes
configure:5261: checking for sys/stat.h
configure:5261: /cygdrive/c/Users/oruge/AppData/Local/Android/Sdk/ndk/25.1.8937393/toolchains/llvm/prebuilt/windows-x86_64/bin/armv7a-linux-androideabi23-clang -c -Icurl-android-ios-master/prebuilt-with-ssl/android/include  conftest.c >&5
configure:5261: $? = 0
configure:5261: result: yes
configure:5261: checking for sys/types.h
configure:5261: /cygdrive/c/Users/oruge/AppData/Local/Android/Sdk/ndk/25.1.8937393/toolchains/llvm/prebuilt/windows-x86_64/bin/armv7a-linux-androideabi23-clang -c -Icurl-android-ios-master/prebuilt-with-ssl/android/include  conftest.c >&5
configure:5261: $? = 0
configure:5261: result: yes
configure:5261: checking for unistd.h
configure:5261: /cygdrive/c/Users/oruge/AppData/Local/Android/Sdk/ndk/25.1.8937393/toolchains/llvm/prebuilt/windows-x86_64/bin/armv7a-linux-androideabi23-clang -c -Icurl-android-ios-master/prebuilt-with-ssl/android/include  conftest.c >&5
configure:5261: $? = 0
configure:5261: result: yes
configure:5289: checking for egrep
configure:5357: result: /usr/bin/grep -E
configure:5363: checking for sys/endian.h
configure:5363: /cygdrive/c/Users/oruge/AppData/Local/Android/Sdk/ndk/25.1.8937393/toolchains/llvm/prebuilt/windows-x86_64/bin/armv7a-linux-androideabi23-clang -c -Icurl-android-ios-master/prebuilt-with-ssl/android/include  conftest.c >&5
configure:5363: $? = 0
configure:5363: result: yes
configure:5369: checking for sys/param.h
configure:5369: /cygdrive/c/Users/oruge/AppData/Local/Android/Sdk/ndk/25.1.8937393/toolchains/llvm/prebuilt/windows-x86_64/bin/armv7a-linux-androideabi23-clang -c -Icurl-android-ios-master/prebuilt-with-ssl/android/include  conftest.c >&5
configure:5369: $? = 0
configure:5369: result: yes
configure:5375: checking for syslog.h
configure:5375: /cygdrive/c/Users/oruge/AppData/Local/Android/Sdk/ndk/25.1.8937393/toolchains/llvm/prebuilt/windows-x86_64/bin/armv7a-linux-androideabi23-clang -c -Icurl-android-ios-master/prebuilt-with-ssl/android/include  conftest.c >&5
configure:5375: $? = 0
configure:5375: result: yes
configure:5384: checking for sys/sysctl.h
configure:5384: /cygdrive/c/Users/oruge/AppData/Local/Android/Sdk/ndk/25.1.8937393/toolchains/llvm/prebuilt/windows-x86_64/bin/armv7a-linux-androideabi23-clang -c -Icurl-android-ios-master/prebuilt-with-ssl/android/include  conftest.c >&5
conftest.c:30:10: fatal error: 'sys/sysctl.h' file not found
#include <sys/sysctl.h>
         ^~~~~~~~~~~~~~
1 error generated.
configure:5384: $? = 1
configure: failed program was:
| /* confdefs.h */
| #define PACKAGE_NAME "cpuminer"
| #define PACKAGE_TARNAME "cpuminer"
| #define PACKAGE_VERSION "2.3.2"
| #define PACKAGE_STRING "cpuminer 2.3.2"
| #define PACKAGE_BUGREPORT ""
| #define PACKAGE_URL ""
| #define PACKAGE "cpuminer"
| #define VERSION "2.3.2"
| #define HAVE_STDIO_H 1
| #define HAVE_STDLIB_H 1
| #define HAVE_STRING_H 1
| #define HAVE_INTTYPES_H 1
| #define HAVE_STDINT_H 1
| #define HAVE_STRINGS_H 1
| #define HAVE_SYS_STAT_H 1
| #define HAVE_SYS_TYPES_H 1
| #define HAVE_UNISTD_H 1
| #define STDC_HEADERS 1
| #define HAVE_SYS_ENDIAN_H 1
| #define HAVE_SYS_PARAM_H 1
| #define HAVE_SYSLOG_H 1
| /* end confdefs.h.  */
| #include <sys/types.h>
| #ifdef HAVE_SYS_PARAM_H
| #include <sys/param.h>
| #endif
| 
| 
| #include <sys/sysctl.h>
configure:5384: result: no
configure:5397: checking for /cygdrive/c/Users/oruge/AppData/Local/Android/Sdk/ndk/25.1.8937393/toolchains/llvm/prebuilt/windows-x86_64/bin/armv7a-linux-androideabi23-clang options needed to detect all undeclared functions
configure:5419: /cygdrive/c/Users/oruge/AppData/Local/Android/Sdk/ndk/25.1.8937393/toolchains/llvm/prebuilt/windows-x86_64/bin/armv7a-linux-androideabi23-clang -c -Icurl-android-ios-master/prebuilt-with-ssl/android/include   conftest.c >&5
conftest.c:28:8: warning: implicitly declaring library function 'strchr' with type 'char *(const char *, int)' [-Wimplicit-function-declaration]
(void) strchr;
       ^
conftest.c:28:8: note: include the header <string.h> or explicitly provide a declaration for 'strchr'
1 warning generated.
configure:5419: $? = 0
configure:5419: /cygdrive/c/Users/oruge/AppData/Local/Android/Sdk/ndk/25.1.8937393/toolchains/llvm/prebuilt/windows-x86_64/bin/armv7a-linux-androideabi23-clang -c -Icurl-android-ios-master/prebuilt-with-ssl/android/include -fno-builtin  conftest.c >&5
conftest.c:28:8: error: use of undeclared identifier 'strchr'
(void) strchr;
       ^
1 error generated.
configure:5419: $? = 1
configure: failed program was:
| /* confdefs.h */
| #define PACKAGE_NAME "cpuminer"
| #define PACKAGE_TARNAME "cpuminer"
| #define PACKAGE_VERSION "2.3.2"
| #define PACKAGE_STRING "cpuminer 2.3.2"
| #define PACKAGE_BUGREPORT ""
| #define PACKAGE_URL ""
| #define PACKAGE "cpuminer"
| #define VERSION "2.3.2"
| #define HAVE_STDIO_H 1
| #define HAVE_STDLIB_H 1
| #define HAVE_STRING_H 1
| #define HAVE_INTTYPES_H 1
| #define HAVE_STDINT_H 1
| #define HAVE_STRINGS_H 1
| #define HAVE_SYS_STAT_H 1
| #define HAVE_SYS_TYPES_H 1
| #define HAVE_UNISTD_H 1
| #define STDC_HEADERS 1
| #define HAVE_SYS_ENDIAN_H 1
| #define HAVE_SYS_PARAM_H 1
| #define HAVE_SYSLOG_H 1
| /* end confdefs.h.  */
| 
| int
| main (void)
| {
| (void) strchr;
|   ;
|   return 0;
| }
configure:5446: /cygdrive/c/Users/oruge/AppData/Local/Android/Sdk/ndk/25.1.8937393/toolchains/llvm/prebuilt/windows-x86_64/bin/armv7a-linux-androideabi23-clang -c -Icurl-android-ios-master/prebuilt-with-ssl/android/include -fno-builtin  conftest.c >&5
configure:5446: $? = 0
configure:5463: result: -fno-builtin
configure:5477: checking whether be32dec is declared
configure:5477: /cygdrive/c/Users/oruge/AppData/Local/Android/Sdk/ndk/25.1.8937393/toolchains/llvm/prebuilt/windows-x86_64/bin/armv7a-linux-androideabi23-clang -c -Icurl-android-ios-master/prebuilt-with-ssl/android/include -fno-builtin  conftest.c >&5
conftest.c:64:10: error: use of undeclared identifier 'be32dec'
  (void) be32dec;
         ^
1 error generated.
configure:5477: $? = 1
configure: failed program was:
| /* confdefs.h */
| #define PACKAGE_NAME "cpuminer"
| #define PACKAGE_TARNAME "cpuminer"
| #define PACKAGE_VERSION "2.3.2"
| #define PACKAGE_STRING "cpuminer 2.3.2"
| #define PACKAGE_BUGREPORT ""
| #define PACKAGE_URL ""
| #define PACKAGE "cpuminer"
| #define VERSION "2.3.2"
| #define HAVE_STDIO_H 1
| #define HAVE_STDLIB_H 1
| #define HAVE_STRING_H 1
| #define HAVE_INTTYPES_H 1
| #define HAVE_STDINT_H 1
| #define HAVE_STRINGS_H 1
| #define HAVE_SYS_STAT_H 1
| #define HAVE_SYS_TYPES_H 1
| #define HAVE_UNISTD_H 1
| #define STDC_HEADERS 1
| #define HAVE_SYS_ENDIAN_H 1
| #define HAVE_SYS_PARAM_H 1
| #define HAVE_SYSLOG_H 1
| /* end confdefs.h.  */
| #include <stddef.h>
| #ifdef HAVE_STDIO_H
| # include <stdio.h>
| #endif
| #ifdef HAVE_STDLIB_H
| # include <stdlib.h>
| #endif
| #ifdef HAVE_STRING_H
| # include <string.h>
| #endif
| #ifdef HAVE_INTTYPES_H
| # include <inttypes.h>
| #endif
| #ifdef HAVE_STDINT_H
| # include <stdint.h>
| #endif
| #ifdef HAVE_STRINGS_H
| # include <strings.h>
| #endif
| #ifdef HAVE_SYS_TYPES_H
| # include <sys/types.h>
| #endif
| #ifdef HAVE_SYS_STAT_H
| # include <sys/stat.h>
| #endif
| #ifdef HAVE_UNISTD_H
| # include <unistd.h>
| #endif
| #ifdef HAVE_SYS_ENDIAN_H
| #include <sys/endian.h>
| #endif
| 
| 
| int
| main (void)
| {
| #ifndef be32dec
| #ifdef __cplusplus
|   (void) be32dec;
| #else
|   (void) be32dec;
| #endif
| #endif
| 
|   ;
|   return 0;
| }
configure:5477: result: no
configure:5490: checking whether le32dec is declared
configure:5490: /cygdrive/c/Users/oruge/AppData/Local/Android/Sdk/ndk/25.1.8937393/toolchains/llvm/prebuilt/windows-x86_64/bin/armv7a-linux-androideabi23-clang -c -Icurl-android-ios-master/prebuilt-with-ssl/android/include -fno-builtin  conftest.c >&5
conftest.c:65:10: error: use of undeclared identifier 'le32dec'
  (void) le32dec;
         ^
1 error generated.
configure:5490: $? = 1
configure: failed program was:
| /* confdefs.h */
| #define PACKAGE_NAME "cpuminer"
| #define PACKAGE_TARNAME "cpuminer"
| #define PACKAGE_VERSION "2.3.2"
| #define PACKAGE_STRING "cpuminer 2.3.2"
| #define PACKAGE_BUGREPORT ""
| #define PACKAGE_URL ""
| #define PACKAGE "cpuminer"
| #define VERSION "2.3.2"
| #define HAVE_STDIO_H 1
| #define HAVE_STDLIB_H 1
| #define HAVE_STRING_H 1
| #define HAVE_INTTYPES_H 1
| #define HAVE_STDINT_H 1
| #define HAVE_STRINGS_H 1
| #define HAVE_SYS_STAT_H 1
| #define HAVE_SYS_TYPES_H 1
| #define HAVE_UNISTD_H 1
| #define STDC_HEADERS 1
| #define HAVE_SYS_ENDIAN_H 1
| #define HAVE_SYS_PARAM_H 1
| #define HAVE_SYSLOG_H 1
| #define HAVE_DECL_BE32DEC 0
| /* end confdefs.h.  */
| #include <stddef.h>
| #ifdef HAVE_STDIO_H
| # include <stdio.h>
| #endif
| #ifdef HAVE_STDLIB_H
| # include <stdlib.h>
| #endif
| #ifdef HAVE_STRING_H
| # include <string.h>
| #endif
| #ifdef HAVE_INTTYPES_H
| # include <inttypes.h>
| #endif
| #ifdef HAVE_STDINT_H
| # include <stdint.h>
| #endif
| #ifdef HAVE_STRINGS_H
| # include <strings.h>
| #endif
| #ifdef HAVE_SYS_TYPES_H
| # include <sys/types.h>
| #endif
| #ifdef HAVE_SYS_STAT_H
| # include <sys/stat.h>
| #endif
| #ifdef HAVE_UNISTD_H
| # include <unistd.h>
| #endif
| #ifdef HAVE_SYS_ENDIAN_H
| #include <sys/endian.h>
| #endif
| 
| 
| int
| main (void)
| {
| #ifndef le32dec
| #ifdef __cplusplus
|   (void) le32dec;
| #else
|   (void) le32dec;
| #endif
| #endif
| 
|   ;
|   return 0;
| }
configure:5490: result: no
configure:5503: checking whether be32enc is declared
configure:5503: /cygdrive/c/Users/oruge/AppData/Local/Android/Sdk/ndk/25.1.8937393/toolchains/llvm/prebuilt/windows-x86_64/bin/armv7a-linux-androideabi23-clang -c -Icurl-android-ios-master/prebuilt-with-ssl/android/include -fno-builtin  conftest.c >&5
conftest.c:66:10: error: use of undeclared identifier 'be32enc'
  (void) be32enc;
         ^
1 error generated.
configure:5503: $? = 1
configure: failed program was:
| /* confdefs.h */
| #define PACKAGE_NAME "cpuminer"
| #define PACKAGE_TARNAME "cpuminer"
| #define PACKAGE_VERSION "2.3.2"
| #define PACKAGE_STRING "cpuminer 2.3.2"
| #define PACKAGE_BUGREPORT ""
| #define PACKAGE_URL ""
| #define PACKAGE "cpuminer"
| #define VERSION "2.3.2"
| #define HAVE_STDIO_H 1
| #define HAVE_STDLIB_H 1
| #define HAVE_STRING_H 1
| #define HAVE_INTTYPES_H 1
| #define HAVE_STDINT_H 1
| #define HAVE_STRINGS_H 1
| #define HAVE_SYS_STAT_H 1
| #define HAVE_SYS_TYPES_H 1
| #define HAVE_UNISTD_H 1
| #define STDC_HEADERS 1
| #define HAVE_SYS_ENDIAN_H 1
| #define HAVE_SYS_PARAM_H 1
| #define HAVE_SYSLOG_H 1
| #define HAVE_DECL_BE32DEC 0
| #define HAVE_DECL_LE32DEC 0
| /* end confdefs.h.  */
| #include <stddef.h>
| #ifdef HAVE_STDIO_H
| # include <stdio.h>
| #endif
| #ifdef HAVE_STDLIB_H
| # include <stdlib.h>
| #endif
| #ifdef HAVE_STRING_H
| # include <string.h>
| #endif
| #ifdef HAVE_INTTYPES_H
| # include <inttypes.h>
| #endif
| #ifdef HAVE_STDINT_H
| # include <stdint.h>
| #endif
| #ifdef HAVE_STRINGS_H
| # include <strings.h>
| #endif
| #ifdef HAVE_SYS_TYPES_H
| # include <sys/types.h>
| #endif
| #ifdef HAVE_SYS_STAT_H
| # include <sys/stat.h>
| #endif
| #ifdef HAVE_UNISTD_H
| # include <unistd.h>
| #endif
| #ifdef HAVE_SYS_ENDIAN_H
| #include <sys/endian.h>
| #endif
| 
| 
| int
| main (void)
| {
| #ifndef be32enc
| #ifdef __cplusplus
|   (void) be32enc;
| #else
|   (void) be32enc;
| #endif
| #endif
| 
|   ;
|   return 0;
| }
configure:5503: result: no
configure:5516: checking whether le32enc is declared
configure:5516: /cygdrive/c/Users/oruge/AppData/Local/Android/Sdk/ndk/25.1.8937393/toolchains/llvm/prebuilt/windows-x86_64/bin/armv7a-linux-androideabi23-clang -c -Icurl-android-ios-master/prebuilt-with-ssl/android/include -fno-builtin  conftest.c >&5
conftest.c:67:10: error: use of undeclared identifier 'le32enc'
  (void) le32enc;
         ^
1 error generated.
configure:5516: $? = 1
configure: failed program was:
| /* confdefs.h */
| #define PACKAGE_NAME "cpuminer"
| #define PACKAGE_TARNAME "cpuminer"
| #define PACKAGE_VERSION "2.3.2"
| #define PACKAGE_STRING "cpuminer 2.3.2"
| #define PACKAGE_BUGREPORT ""
| #define PACKAGE_URL ""
| #define PACKAGE "cpuminer"
| #define VERSION "2.3.2"
| #define HAVE_STDIO_H 1
| #define HAVE_STDLIB_H 1
| #define HAVE_STRING_H 1
| #define HAVE_INTTYPES_H 1
| #define HAVE_STDINT_H 1
| #define HAVE_STRINGS_H 1
| #define HAVE_SYS_STAT_H 1
| #define HAVE_SYS_TYPES_H 1
| #define HAVE_UNISTD_H 1
| #define STDC_HEADERS 1
| #define HAVE_SYS_ENDIAN_H 1
| #define HAVE_SYS_PARAM_H 1
| #define HAVE_SYSLOG_H 1
| #define HAVE_DECL_BE32DEC 0
| #define HAVE_DECL_LE32DEC 0
| #define HAVE_DECL_BE32ENC 0
| /* end confdefs.h.  */
| #include <stddef.h>
| #ifdef HAVE_STDIO_H
| # include <stdio.h>
| #endif
| #ifdef HAVE_STDLIB_H
| # include <stdlib.h>
| #endif
| #ifdef HAVE_STRING_H
| # include <string.h>
| #endif
| #ifdef HAVE_INTTYPES_H
| # include <inttypes.h>
| #endif
| #ifdef HAVE_STDINT_H
| # include <stdint.h>
| #endif
| #ifdef HAVE_STRINGS_H
| # include <strings.h>
| #endif
| #ifdef HAVE_SYS_TYPES_H
| # include <sys/types.h>
| #endif
| #ifdef HAVE_SYS_STAT_H
| # include <sys/stat.h>
| #endif
| #ifdef HAVE_UNISTD_H
| # include <unistd.h>
| #endif
| #ifdef HAVE_SYS_ENDIAN_H
| #include <sys/endian.h>
| #endif
| 
| 
| int
| main (void)
| {
| #ifndef le32enc
| #ifdef __cplusplus
|   (void) le32enc;
| #else
|   (void) le32enc;
| #endif
| #endif
| 
|   ;
|   return 0;
| }
configure:5516: result: no
configure:5531: checking for size_t
configure:5531: /cygdrive/c/Users/oruge/AppData/Local/Android/Sdk/ndk/25.1.8937393/toolchains/llvm/prebuilt/windows-x86_64/bin/armv7a-linux-androideabi23-clang -c -Icurl-android-ios-master/prebuilt-with-ssl/android/include  conftest.c >&5
configure:5531: $? = 0
configure:5531: /cygdrive/c/Users/oruge/AppData/Local/Android/Sdk/ndk/25.1.8937393/toolchains/llvm/prebuilt/windows-x86_64/bin/armv7a-linux-androideabi23-clang -c -Icurl-android-ios-master/prebuilt-with-ssl/android/include  conftest.c >&5
conftest.c:59:21: error: expected expression
if (sizeof ((size_t)))
                    ^
1 error generated.
configure:5531: $? = 1
configure: failed program was:
| /* confdefs.h */
| #define PACKAGE_NAME "cpuminer"
| #define PACKAGE_TARNAME "cpuminer"
| #define PACKAGE_VERSION "2.3.2"
| #define PACKAGE_STRING "cpuminer 2.3.2"
| #define PACKAGE_BUGREPORT ""
| #define PACKAGE_URL ""
| #define PACKAGE "cpuminer"
| #define VERSION "2.3.2"
| #define HAVE_STDIO_H 1
| #define HAVE_STDLIB_H 1
| #define HAVE_STRING_H 1
| #define HAVE_INTTYPES_H 1
| #define HAVE_STDINT_H 1
| #define HAVE_STRINGS_H 1
| #define HAVE_SYS_STAT_H 1
| #define HAVE_SYS_TYPES_H 1
| #define HAVE_UNISTD_H 1
| #define STDC_HEADERS 1
| #define HAVE_SYS_ENDIAN_H 1
| #define HAVE_SYS_PARAM_H 1
| #define HAVE_SYSLOG_H 1
| #define HAVE_DECL_BE32DEC 0
| #define HAVE_DECL_LE32DEC 0
| #define HAVE_DECL_BE32ENC 0
| #define HAVE_DECL_LE32ENC 0
| /* end confdefs.h.  */
| #include <stddef.h>
| #ifdef HAVE_STDIO_H
| # include <stdio.h>
| #endif
| #ifdef HAVE_STDLIB_H
| # include <stdlib.h>
| #endif
| #ifdef HAVE_STRING_H
| # include <string.h>
| #endif
| #ifdef HAVE_INTTYPES_H
| # include <inttypes.h>
| #endif
| #ifdef HAVE_STDINT_H
| # include <stdint.h>
| #endif
| #ifdef HAVE_STRINGS_H
| # include <strings.h>
| #endif
| #ifdef HAVE_SYS_TYPES_H
| # include <sys/types.h>
| #endif
| #ifdef HAVE_SYS_STAT_H
| # include <sys/stat.h>
| #endif
| #ifdef HAVE_UNISTD_H
| # include <unistd.h>
| #endif
| int
| main (void)
| {
| if (sizeof ((size_t)))
| 	    return 0;
|   ;
|   return 0;
| }
configure:5531: result: yes
configure:5543: checking for working alloca.h
configure:5561: /cygdrive/c/Users/oruge/AppData/Local/Android/Sdk/ndk/25.1.8937393/toolchains/llvm/prebuilt/windows-x86_64/bin/armv7a-linux-androideabi23-clang -o conftest -Icurl-android-ios-master/prebuilt-with-ssl/android/include  -L/. conftest.c  >&5
configure:5561: $? = 0
configure:5570: result: yes
configure:5578: checking for alloca
configure:5623: result: yes
configure:5690: checking for getopt_long
configure:5690: /cygdrive/c/Users/oruge/AppData/Local/Android/Sdk/ndk/25.1.8937393/toolchains/llvm/prebuilt/windows-x86_64/bin/armv7a-linux-androideabi23-clang -o conftest -Icurl-android-ios-master/prebuilt-with-ssl/android/include  -L/. conftest.c  >&5
configure:5690: $? = 0
configure:5690: result: yes
configure:5814: checking for json_loads in -ljansson
configure:5837: /cygdrive/c/Users/oruge/AppData/Local/Android/Sdk/ndk/25.1.8937393/toolchains/llvm/prebuilt/windows-x86_64/bin/armv7a-linux-androideabi23-clang -o conftest -Icurl-android-ios-master/prebuilt-with-ssl/android/include  -L/. conftest.c -ljansson   >&5
ld: error: unable to find library -ljansson
clang: error: linker command failed with exit code 1 (use -v to see invocation)
configure:5837: $? = 1
configure: failed program was:
| /* confdefs.h */
| #define PACKAGE_NAME "cpuminer"
| #define PACKAGE_TARNAME "cpuminer"
| #define PACKAGE_VERSION "2.3.2"
| #define PACKAGE_STRING "cpuminer 2.3.2"
| #define PACKAGE_BUGREPORT ""
| #define PACKAGE_URL ""
| #define PACKAGE "cpuminer"
| #define VERSION "2.3.2"
| #define HAVE_STDIO_H 1
| #define HAVE_STDLIB_H 1
| #define HAVE_STRING_H 1
| #define HAVE_INTTYPES_H 1
| #define HAVE_STDINT_H 1
| #define HAVE_STRINGS_H 1
| #define HAVE_SYS_STAT_H 1
| #define HAVE_SYS_TYPES_H 1
| #define HAVE_UNISTD_H 1
| #define STDC_HEADERS 1
| #define HAVE_SYS_ENDIAN_H 1
| #define HAVE_SYS_PARAM_H 1
| #define HAVE_SYSLOG_H 1
| #define HAVE_DECL_BE32DEC 0
| #define HAVE_DECL_LE32DEC 0
| #define HAVE_DECL_BE32ENC 0
| #define HAVE_DECL_LE32ENC 0
| #define HAVE_ALLOCA_H 1
| #define HAVE_ALLOCA 1
| #define HAVE_GETOPT_LONG 1
| /* end confdefs.h.  */
| 
| /* Override any GCC internal prototype to avoid an error.
|    Use char because int might match the return type of a GCC
|    builtin and then its argument prototype would still apply.  */
| char json_loads ();
| int
| main (void)
| {
| return json_loads ();
|   ;
|   return 0;
| }
configure:5847: result: no
configure:5856: checking for pthread_create in -lpthread
configure:5879: /cygdrive/c/Users/oruge/AppData/Local/Android/Sdk/ndk/25.1.8937393/toolchains/llvm/prebuilt/windows-x86_64/bin/armv7a-linux-androideabi23-clang -o conftest -Icurl-android-ios-master/prebuilt-with-ssl/android/include  -L/. conftest.c -lpthread   >&5
ld: error: unable to find library -lpthread
clang: error: linker command failed with exit code 1 (use -v to see invocation)
configure:5879: $? = 1
configure: failed program was:
| /* confdefs.h */
| #define PACKAGE_NAME "cpuminer"
| #define PACKAGE_TARNAME "cpuminer"
| #define PACKAGE_VERSION "2.3.2"
| #define PACKAGE_STRING "cpuminer 2.3.2"
| #define PACKAGE_BUGREPORT ""
| #define PACKAGE_URL ""
| #define PACKAGE "cpuminer"
| #define VERSION "2.3.2"
| #define HAVE_STDIO_H 1
| #define HAVE_STDLIB_H 1
| #define HAVE_STRING_H 1
| #define HAVE_INTTYPES_H 1
| #define HAVE_STDINT_H 1
| #define HAVE_STRINGS_H 1
| #define HAVE_SYS_STAT_H 1
| #define HAVE_SYS_TYPES_H 1
| #define HAVE_UNISTD_H 1
| #define STDC_HEADERS 1
| #define HAVE_SYS_ENDIAN_H 1
| #define HAVE_SYS_PARAM_H 1
| #define HAVE_SYSLOG_H 1
| #define HAVE_DECL_BE32DEC 0
| #define HAVE_DECL_LE32DEC 0
| #define HAVE_DECL_BE32ENC 0
| #define HAVE_DECL_LE32ENC 0
| #define HAVE_ALLOCA_H 1
| #define HAVE_ALLOCA 1
| #define HAVE_GETOPT_LONG 1
| /* end confdefs.h.  */
| 
| /* Override any GCC internal prototype to avoid an error.
|    Use char because int might match the return type of a GCC
|    builtin and then its argument prototype would still apply.  */
| char pthread_create ();
| int
| main (void)
| {
| return pthread_create ();
|   ;
|   return 0;
| }
configure:5889: result: no
configure:5895: checking for pthread_create in -lpthreadGC2
configure:5918: /cygdrive/c/Users/oruge/AppData/Local/Android/Sdk/ndk/25.1.8937393/toolchains/llvm/prebuilt/windows-x86_64/bin/armv7a-linux-androideabi23-clang -o conftest -Icurl-android-ios-master/prebuilt-with-ssl/android/include  -L/. conftest.c -lpthreadGC2   >&5
ld: error: unable to find library -lpthreadGC2
clang: error: linker command failed with exit code 1 (use -v to see invocation)
configure:5918: $? = 1
configure: failed program was:
| /* confdefs.h */
| #define PACKAGE_NAME "cpuminer"
| #define PACKAGE_TARNAME "cpuminer"
| #define PACKAGE_VERSION "2.3.2"
| #define PACKAGE_STRING "cpuminer 2.3.2"
| #define PACKAGE_BUGREPORT ""
| #define PACKAGE_URL ""
| #define PACKAGE "cpuminer"
| #define VERSION "2.3.2"
| #define HAVE_STDIO_H 1
| #define HAVE_STDLIB_H 1
| #define HAVE_STRING_H 1
| #define HAVE_INTTYPES_H 1
| #define HAVE_STDINT_H 1
| #define HAVE_STRINGS_H 1
| #define HAVE_SYS_STAT_H 1
| #define HAVE_SYS_TYPES_H 1
| #define HAVE_UNISTD_H 1
| #define STDC_HEADERS 1
| #define HAVE_SYS_ENDIAN_H 1
| #define HAVE_SYS_PARAM_H 1
| #define HAVE_SYSLOG_H 1
| #define HAVE_DECL_BE32DEC 0
| #define HAVE_DECL_LE32DEC 0
| #define HAVE_DECL_BE32ENC 0
| #define HAVE_DECL_LE32ENC 0
| #define HAVE_ALLOCA_H 1
| #define HAVE_ALLOCA 1
| #define HAVE_GETOPT_LONG 1
| /* end confdefs.h.  */
| 
| /* Override any GCC internal prototype to avoid an error.
|    Use char because int might match the return type of a GCC
|    builtin and then its argument prototype would still apply.  */
| char pthread_create ();
| int
| main (void)
| {
| return pthread_create ();
|   ;
|   return 0;
| }
configure:5928: result: no
configure:5934: checking for pthread_create in -lpthreadGC1
configure:5957: /cygdrive/c/Users/oruge/AppData/Local/Android/Sdk/ndk/25.1.8937393/toolchains/llvm/prebuilt/windows-x86_64/bin/armv7a-linux-androideabi23-clang -o conftest -Icurl-android-ios-master/prebuilt-with-ssl/android/include  -L/. conftest.c -lpthreadGC1   >&5
ld: error: unable to find library -lpthreadGC1
clang: error: linker command failed with exit code 1 (use -v to see invocation)
configure:5957: $? = 1
configure: failed program was:
| /* confdefs.h */
| #define PACKAGE_NAME "cpuminer"
| #define PACKAGE_TARNAME "cpuminer"
| #define PACKAGE_VERSION "2.3.2"
| #define PACKAGE_STRING "cpuminer 2.3.2"
| #define PACKAGE_BUGREPORT ""
| #define PACKAGE_URL ""
| #define PACKAGE "cpuminer"
| #define VERSION "2.3.2"
| #define HAVE_STDIO_H 1
| #define HAVE_STDLIB_H 1
| #define HAVE_STRING_H 1
| #define HAVE_INTTYPES_H 1
| #define HAVE_STDINT_H 1
| #define HAVE_STRINGS_H 1
| #define HAVE_SYS_STAT_H 1
| #define HAVE_SYS_TYPES_H 1
| #define HAVE_UNISTD_H 1
| #define STDC_HEADERS 1
| #define HAVE_SYS_ENDIAN_H 1
| #define HAVE_SYS_PARAM_H 1
| #define HAVE_SYSLOG_H 1
| #define HAVE_DECL_BE32DEC 0
| #define HAVE_DECL_LE32DEC 0
| #define HAVE_DECL_BE32ENC 0
| #define HAVE_DECL_LE32ENC 0
| #define HAVE_ALLOCA_H 1
| #define HAVE_ALLOCA 1
| #define HAVE_GETOPT_LONG 1
| /* end confdefs.h.  */
| 
| /* Override any GCC internal prototype to avoid an error.
|    Use char because int might match the return type of a GCC
|    builtin and then its argument prototype would still apply.  */
| char pthread_create ();
| int
| main (void)
| {
| return pthread_create ();
|   ;
|   return 0;
| }
configure:5967: result: no
configure:5973: checking for pthread_create in -lpthreadGC
configure:5996: /cygdrive/c/Users/oruge/AppData/Local/Android/Sdk/ndk/25.1.8937393/toolchains/llvm/prebuilt/windows-x86_64/bin/armv7a-linux-androideabi23-clang -o conftest -Icurl-android-ios-master/prebuilt-with-ssl/android/include  -L/. conftest.c -lpthreadGC   >&5
ld: error: unable to find library -lpthreadGC
clang: error: linker command failed with exit code 1 (use -v to see invocation)
configure:5996: $? = 1
configure: failed program was:
| /* confdefs.h */
| #define PACKAGE_NAME "cpuminer"
| #define PACKAGE_TARNAME "cpuminer"
| #define PACKAGE_VERSION "2.3.2"
| #define PACKAGE_STRING "cpuminer 2.3.2"
| #define PACKAGE_BUGREPORT ""
| #define PACKAGE_URL ""
| #define PACKAGE "cpuminer"
| #define VERSION "2.3.2"
| #define HAVE_STDIO_H 1
| #define HAVE_STDLIB_H 1
| #define HAVE_STRING_H 1
| #define HAVE_INTTYPES_H 1
| #define HAVE_STDINT_H 1
| #define HAVE_STRINGS_H 1
| #define HAVE_SYS_STAT_H 1
| #define HAVE_SYS_TYPES_H 1
| #define HAVE_UNISTD_H 1
| #define STDC_HEADERS 1
| #define HAVE_SYS_ENDIAN_H 1
| #define HAVE_SYS_PARAM_H 1
| #define HAVE_SYSLOG_H 1
| #define HAVE_DECL_BE32DEC 0
| #define HAVE_DECL_LE32DEC 0
| #define HAVE_DECL_BE32ENC 0
| #define HAVE_DECL_LE32ENC 0
| #define HAVE_ALLOCA_H 1
| #define HAVE_ALLOCA 1
| #define HAVE_GETOPT_LONG 1
| /* end confdefs.h.  */
| 
| /* Override any GCC internal prototype to avoid an error.
|    Use char because int might match the return type of a GCC
|    builtin and then its argument prototype would still apply.  */
| char pthread_create ();
| int
| main (void)
| {
| return pthread_create ();
|   ;
|   return 0;
| }
configure:6006: result: no
configure:6101: checking for gawk
configure:6133: result: gawk
configure:6154: checking for curl-config
configure:6192: result: no
configure:6316: checking whether libcurl is usable
configure:6351: /cygdrive/c/Users/oruge/AppData/Local/Android/Sdk/ndk/25.1.8937393/toolchains/llvm/prebuilt/windows-x86_64/bin/armv7a-linux-androideabi23-clang -o conftest -Icurl-android-ios-master/prebuilt-with-ssl/android/include -Icurl-android-ios-master/prebuilt-with-ssl/android//include  -L/. conftest.c -Lcurl-android-ios-master/prebuilt-with-ssl/android//lib -lcurl  >&5
ld: error: undefined symbol: inflateInit_
>>> referenced by content_encoding.o:(deflate_init_writer) in archive curl-android-ios-master/prebuilt-with-ssl/android//lib/libcurl.a

ld: error: undefined symbol: inflateEnd
>>> referenced by content_encoding.o:(inflate_stream) in archive curl-android-ios-master/prebuilt-with-ssl/android//lib/libcurl.a
>>> referenced by content_encoding.o:(exit_zlib) in archive curl-android-ios-master/prebuilt-with-ssl/android//lib/libcurl.a

ld: error: undefined symbol: inflateInit2_
>>> referenced by content_encoding.o:(inflate_stream) in archive curl-android-ios-master/prebuilt-with-ssl/android//lib/libcurl.a
>>> referenced by content_encoding.o:(gzip_init_writer) in archive curl-android-ios-master/prebuilt-with-ssl/android//lib/libcurl.a
>>> referenced by content_encoding.o:(gzip_init_writer) in archive curl-android-ios-master/prebuilt-with-ssl/android//lib/libcurl.a

ld: error: undefined symbol: inflate
>>> referenced by content_encoding.o:(inflate_stream) in archive curl-android-ios-master/prebuilt-with-ssl/android//lib/libcurl.a

ld: error: undefined symbol: zlibVersion
>>> referenced by content_encoding.o:(gzip_init_writer) in archive curl-android-ios-master/prebuilt-with-ssl/android//lib/libcurl.a
>>> referenced by version.o:(curl_version) in archive curl-android-ios-master/prebuilt-with-ssl/android//lib/libcurl.a
>>> referenced by version.o:(curl_version_info) in archive curl-android-ios-master/prebuilt-with-ssl/android//lib/libcurl.a
clang: error: linker command failed with exit code 1 (use -v to see invocation)
configure:6351: $? = 1
configure: failed program was:
| /* confdefs.h */
| #define PACKAGE_NAME "cpuminer"
| #define PACKAGE_TARNAME "cpuminer"
| #define PACKAGE_VERSION "2.3.2"
| #define PACKAGE_STRING "cpuminer 2.3.2"
| #define PACKAGE_BUGREPORT ""
| #define PACKAGE_URL ""
| #define PACKAGE "cpuminer"
| #define VERSION "2.3.2"
| #define HAVE_STDIO_H 1
| #define HAVE_STDLIB_H 1
| #define HAVE_STRING_H 1
| #define HAVE_INTTYPES_H 1
| #define HAVE_STDINT_H 1
| #define HAVE_STRINGS_H 1
| #define HAVE_SYS_STAT_H 1
| #define HAVE_SYS_TYPES_H 1
| #define HAVE_UNISTD_H 1
| #define STDC_HEADERS 1
| #define HAVE_SYS_ENDIAN_H 1
| #define HAVE_SYS_PARAM_H 1
| #define HAVE_SYSLOG_H 1
| #define HAVE_DECL_BE32DEC 0
| #define HAVE_DECL_LE32DEC 0
| #define HAVE_DECL_BE32ENC 0
| #define HAVE_DECL_LE32ENC 0
| #define HAVE_ALLOCA_H 1
| #define HAVE_ALLOCA 1
| #define HAVE_GETOPT_LONG 1
| /* end confdefs.h.  */
| #include <curl/curl.h>
| int
| main (void)
| {
| 
| /* Try and use a few common options to force a failure if we are
|    missing symbols or can't link. */
| int x;
| curl_easy_setopt(NULL,CURLOPT_URL,NULL);
| x=CURL_ERROR_SIZE;
| x=CURLOPT_WRITEFUNCTION;
| x=CURLOPT_WRITEDATA;
| x=CURLOPT_ERRORBUFFER;
| x=CURLOPT_STDERR;
| x=CURLOPT_VERBOSE;
| if (x) {;}
| 
|   ;
|   return 0;
| }
configure:6366: result: no
configure:6584: checking that generated files are newer than configure
configure:6590: result: done
configure:6637: creating ./config.status

## ---------------------- ##
## Running config.status. ##
## ---------------------- ##

This file was extended by cpuminer config.status 2.3.2, which was
generated by GNU Autoconf 2.71.  Invocation command line was

  CONFIG_FILES    = 
  CONFIG_HEADERS  = 
  CONFIG_LINKS    = 
  CONFIG_COMMANDS = 
  $ ./config.status 

on DESKTOP-RQPA8KB

config.status:898: creating Makefile
config.status:898: creating compat/Makefile
config.status:898: creating compat/jansson/Makefile
config.status:898: creating cpuminer-config.h
config.status:1079: cpuminer-config.h is unchanged
config.status:1127: executing depfiles commands

## ---------------- ##
## Cache variables. ##
## ---------------- ##

ac_cv_build=x86_64-pc-cygwin
ac_cv_c_compiler_gnu=yes
ac_cv_c_undeclared_builtin_options=-fno-builtin
ac_cv_env_CCASFLAGS_set=
ac_cv_env_CCASFLAGS_value=
ac_cv_env_CCAS_set=
ac_cv_env_CCAS_value=
ac_cv_env_CC_set=set
ac_cv_env_CC_value=/cygdrive/c/Users/oruge/AppData/Local/Android/Sdk/ndk/25.1.8937393/toolchains/llvm/prebuilt/windows-x86_64/bin/armv7a-linux-androideabi23-clang
ac_cv_env_CFLAGS_set=set
ac_cv_env_CFLAGS_value=-Icurl-android-ios-master/prebuilt-with-ssl/android/include
ac_cv_env_CPPFLAGS_set=
ac_cv_env_CPPFLAGS_value=
ac_cv_env_CPP_set=
ac_cv_env_CPP_value=
ac_cv_env_LDFLAGS_set=set
ac_cv_env_LDFLAGS_value=-L/.
ac_cv_env_LIBS_set=
ac_cv_env_LIBS_value=
ac_cv_env_build_alias_set=
ac_cv_env_build_alias_value=
ac_cv_env_host_alias_set=set
ac_cv_env_host_alias_value=armv7a
ac_cv_env_target_alias_set=
ac_cv_env_target_alias_value=
ac_cv_func_alloca_works=yes
ac_cv_func_getopt_long=yes
ac_cv_have_decl_be32dec=no
ac_cv_have_decl_be32enc=no
ac_cv_have_decl_le32dec=no
ac_cv_have_decl_le32enc=no
ac_cv_header_inttypes_h=yes
ac_cv_header_stdint_h=yes
ac_cv_header_stdio_h=yes
ac_cv_header_stdlib_h=yes
ac_cv_header_string_h=yes
ac_cv_header_strings_h=yes
ac_cv_header_sys_endian_h=yes
ac_cv_header_sys_param_h=yes
ac_cv_header_sys_stat_h=yes
ac_cv_header_sys_sysctl_h=no
ac_cv_header_sys_types_h=yes
ac_cv_header_syslog_h=yes
ac_cv_header_unistd_h=yes
ac_cv_host=armv7a-unknown-none
ac_cv_lib_jansson_json_loads=no
ac_cv_lib_pthreadGC1_pthread_create=no
ac_cv_lib_pthreadGC2_pthread_create=no
ac_cv_lib_pthreadGC_pthread_create=no
ac_cv_lib_pthread_pthread_create=no
ac_cv_objext=o
ac_cv_path_EGREP='/usr/bin/grep -E'
ac_cv_path_GREP=/usr/bin/grep
ac_cv_path_install='/usr/bin/install -c'
ac_cv_path_mkdir=/usr/bin/mkdir
ac_cv_prog_AWK=gawk
ac_cv_prog_CC=/cygdrive/c/Users/oruge/AppData/Local/Android/Sdk/ndk/25.1.8937393/toolchains/llvm/prebuilt/windows-x86_64/bin/armv7a-linux-androideabi23-clang
ac_cv_prog_CPP='/cygdrive/c/Users/oruge/AppData/Local/Android/Sdk/ndk/25.1.8937393/toolchains/llvm/prebuilt/windows-x86_64/bin/armv7a-linux-androideabi23-clang -E'
ac_cv_prog_ac_ct_RANLIB=ranlib
ac_cv_prog_ac_ct_STRIP=strip
ac_cv_prog_cc_c11=
ac_cv_prog_cc_g=yes
ac_cv_prog_cc_stdc=
ac_cv_prog_gcc_traditional=no
ac_cv_prog_make_make_set=yes
ac_cv_target=armv7a-unknown-none
ac_cv_type_size_t=yes
ac_cv_working_alloca_h=yes
am_cv_CCAS_dependencies_compiler_type=none
am_cv_CC_dependencies_compiler_type=none
am_cv_make_support_nested_variables=no
am_cv_prog_cc_c_o=yes
libcurl_cv_lib_curl_usable=no

## ----------------- ##
## Output variables. ##
## ----------------- ##

ACLOCAL='${SHELL} '\''/cygdrive/c/Users/oruge/AndroidStudioProjects/MyManer/app/nativelib/missing'\'' aclocal-1.16'
ALLOCA=''
AMDEPBACKSLASH=''
AMDEP_FALSE=''
AMDEP_TRUE='#'
AMTAR='$${TAR-tar}'
AM_BACKSLASH='\'
AM_DEFAULT_V='1'
AM_DEFAULT_VERBOSITY='1'
AM_V='1'
ARCH_x86_64_FALSE=''
ARCH_x86_64_TRUE='#'
ARCH_x86_FALSE=''
ARCH_x86_TRUE='#'
AUTOCONF='${SHELL} '\''/cygdrive/c/Users/oruge/AndroidStudioProjects/MyManer/app/nativelib/missing'\'' autoconf'
AUTOHEADER='${SHELL} '\''/cygdrive/c/Users/oruge/AndroidStudioProjects/MyManer/app/nativelib/missing'\'' autoheader'
AUTOMAKE='${SHELL} '\''/cygdrive/c/Users/oruge/AndroidStudioProjects/MyManer/app/nativelib/missing'\'' automake-1.16'
AWK='gawk'
CC='/cygdrive/c/Users/oruge/AppData/Local/Android/Sdk/ndk/25.1.8937393/toolchains/llvm/prebuilt/windows-x86_64/bin/armv7a-linux-androideabi23-clang'
CCAS='/cygdrive/c/Users/oruge/AppData/Local/Android/Sdk/ndk/25.1.8937393/toolchains/llvm/prebuilt/windows-x86_64/bin/armv7a-linux-androideabi23-clang'
CCASDEPMODE='depmode=none'
CCASFLAGS='-Icurl-android-ios-master/prebuilt-with-ssl/android/include'
CCDEPMODE='depmode=none'
CFLAGS='-Icurl-android-ios-master/prebuilt-with-ssl/android/include'
CPP='/cygdrive/c/Users/oruge/AppData/Local/Android/Sdk/ndk/25.1.8937393/toolchains/llvm/prebuilt/windows-x86_64/bin/armv7a-linux-androideabi23-clang -E'
CPPFLAGS=''
CSCOPE='cscope'
CTAGS='ctags'
CYGPATH_W='cygpath -w'
DEFS='-DHAVE_CONFIG_H'
DEPDIR='.deps'
ECHO_C=''
ECHO_N='-n'
ECHO_T=''
EGREP='/usr/bin/grep -E'
ETAGS='etags'
EXEEXT=''
GREP='/usr/bin/grep'
HAVE_WINDOWS_FALSE=''
HAVE_WINDOWS_TRUE='#'
INSTALL_DATA='${INSTALL} -m 644'
INSTALL_PROGRAM='${INSTALL}'
INSTALL_SCRIPT='${INSTALL}'
INSTALL_STRIP_PROGRAM='$(install_sh) -c -s'
JANSSON_LIBS='compat/jansson/libjansson.a'
LDFLAGS='-L/.'
LIBCURL=''
LIBCURL_CPPFLAGS=''
LIBOBJS=''
LIBS=''
LTLIBOBJS=''
MAINT='#'
MAINTAINER_MODE_FALSE=''
MAINTAINER_MODE_TRUE='#'
MAKEINFO='${SHELL} '\''/cygdrive/c/Users/oruge/AndroidStudioProjects/MyManer/app/nativelib/missing'\'' makeinfo'
MKDIR_P='/usr/bin/mkdir -p'
OBJEXT='o'
PACKAGE='cpuminer'
PACKAGE_BUGREPORT=''
PACKAGE_NAME='cpuminer'
PACKAGE_STRING='cpuminer 2.3.2'
PACKAGE_TARNAME='cpuminer'
PACKAGE_URL=''
PACKAGE_VERSION='2.3.2'
PATH_SEPARATOR=':'
PTHREAD_FLAGS='-pthread'
PTHREAD_LIBS=''
RANLIB='ranlib'
SET_MAKE=''
SHELL='/bin/sh'
STRIP='strip'
VERSION='2.3.2'
WANT_JANSSON_FALSE='#'
WANT_JANSSON_TRUE=''
WS2_LIBS=''
_libcurl_config=''
ac_ct_CC=''
am__EXEEXT_FALSE=''
am__EXEEXT_TRUE='#'
am__fastdepCCAS_FALSE=''
am__fastdepCCAS_TRUE='#'
am__fastdepCC_FALSE=''
am__fastdepCC_TRUE='#'
am__include='#'
am__isrc=''
am__leading_dot='.'
am__nodep=''
am__quote=''
am__tar='$${TAR-tar} chof - "$$tardir"'
am__untar='$${TAR-tar} xf -'
bindir='${exec_prefix}/bin'
build='x86_64-pc-cygwin'
build_alias=''
build_cpu='x86_64'
build_os='cygwin'
build_vendor='pc'
datadir='${datarootdir}'
datarootdir='${prefix}/share'
docdir='${datarootdir}/doc/${PACKAGE_TARNAME}'
dvidir='${docdir}'
exec_prefix='${prefix}'
host='armv7a-unknown-none'
host_alias='armv7a'
host_cpu='armv7a'
host_os='none'
host_vendor='unknown'
htmldir='${docdir}'
includedir='${prefix}/include'
infodir='${datarootdir}/info'
install_sh='${SHELL} /cygdrive/c/Users/oruge/AndroidStudioProjects/MyManer/app/nativelib/install-sh'
libdir='${exec_prefix}/lib'
libexecdir='${exec_prefix}/libexec'
localedir='${datarootdir}/locale'
localstatedir='${prefix}/var'
mandir='${datarootdir}/man'
mkdir_p='$(MKDIR_P)'
oldincludedir='/usr/include'
pdfdir='${docdir}'
prefix='/usr/local'
program_transform_name='s,x,x,'
psdir='${docdir}'
runstatedir='${localstatedir}/run'
sbindir='${exec_prefix}/sbin'
sharedstatedir='${prefix}/com'
sysconfdir='${prefix}/etc'
target='armv7a-unknown-none'
target_alias=''
target_cpu='armv7a'
target_os='none'
target_vendor='unknown'

## ----------- ##
## confdefs.h. ##
## ----------- ##

/* confdefs.h */
#define PACKAGE_NAME "cpuminer"
#define PACKAGE_TARNAME "cpuminer"
#define PACKAGE_VERSION "2.3.2"
#define PACKAGE_STRING "cpuminer 2.3.2"
#define PACKAGE_BUGREPORT ""
#define PACKAGE_URL ""
#define PACKAGE "cpuminer"
#define VERSION "2.3.2"
#define HAVE_STDIO_H 1
#define HAVE_STDLIB_H 1
#define HAVE_STRING_H 1
#define HAVE_INTTYPES_H 1
#define HAVE_STDINT_H 1
#define HAVE_STRINGS_H 1
#define HAVE_SYS_STAT_H 1
#define HAVE_SYS_TYPES_H 1
#define HAVE_UNISTD_H 1
#define STDC_HEADERS 1
#define HAVE_SYS_ENDIAN_H 1
#define HAVE_SYS_PARAM_H 1
#define HAVE_SYSLOG_H 1
#define HAVE_DECL_BE32DEC 0
#define HAVE_DECL_LE32DEC 0
#define HAVE_DECL_BE32ENC 0
#define HAVE_DECL_LE32ENC 0
#define HAVE_ALLOCA_H 1
#define HAVE_ALLOCA 1
#define HAVE_GETOPT_LONG 1

configure: exit 0
