This file contains any messages produced by compilers while
running configure, to aid debugging if configure makes a mistake.

It was created by jansson configure 2.14, which was
generated by GNU Autoconf 2.71.  Invocation command line was

  $ ./configure --host=armv7a --disable-dependency-tracking

## --------- ##
## Platform. ##
## --------- ##

hostname = DESKTOP-RQPA8KB
uname -m = x86_64
uname -r = 3.4.3-1.x86_64
uname -s = CYGWIN_NT-10.0-19044
uname -v = 2022-12-16 12:38 UTC

/usr/bin/uname -p = unknown
/bin/uname -X     = unknown

/bin/arch              = x86_64
/usr/bin/arch -k       = unknown
/usr/convex/getsysinfo = unknown
/usr/bin/hostinfo      = unknown
/bin/machine           = unknown
/usr/bin/oslevel       = unknown
/bin/universe          = unknown

PATH: /usr/local/bin/
PATH: /usr/bin/
PATH: /cygdrive/c/Program Files/Common Files/Oracle/Java/javapath/
PATH: /cygdrive/c/Program Files (x86)/Embarcadero/Studio/21.0/bin/
PATH: /cygdrive/c/Users/Public/Documents/Embarcadero/Studio/21.0/Bpl/
PATH: /cygdrive/c/Program Files (x86)/Embarcadero/Studio/21.0/bin64/
PATH: /cygdrive/c/Users/Public/Documents/Embarcadero/Studio/21.0/Bpl/Win64/
PATH: /cygdrive/c/Windows/system32/
PATH: /cygdrive/c/Windows/
PATH: /cygdrive/c/Windows/System32/Wbem/
PATH: /cygdrive/c/Windows/System32/WindowsPowerShell/v1.0/
PATH: /cygdrive/c/Windows/System32/OpenSSH/
PATH: /cygdrive/c/Program Files/dotnet/
PATH: /cygdrive/c/Program Files/Microsoft SQL Server/150/Tools/Binn/
PATH: /cygdrive/c/Program Files/Microsoft SQL Server/Client SDK/ODBC/170/Tools/Binn/
PATH: /cygdrive/c/Program Files (x86)/Windows Kits/10/Windows Performance Toolkit/
PATH: /cygdrive/c/Users/oruge/OneDrive/Рабочий стол/upx-4.0.1-win64/
PATH: /cygdrive/c/Program Files (x86)/GnuPG/bin/
PATH: /cygdrive/c/Program Files/LLVM/bin/
PATH: /cygdrive/c/Program Files/Git/cmd/
PATH: /cygdrive/c/Users/oruge/AppData/Local/Programs/Python/Python311/Scripts/
PATH: /cygdrive/c/Users/oruge/AppData/Local/Programs/Python/Python311/
PATH: /cygdrive/c/Users/oruge/AppData/Local/Microsoft/WindowsApps/
PATH: /cygdrive/c/Users/oruge/.dotnet/tools/
PATH: /cygdrive/c/lazarus/fpc/2.2.2/bin/i386-win32/
PATH: /cygdrive/c/lazarus/fpc/3.2.2/bin/x86_64-win64/
PATH: /cygdrive/c/Program Files/JetBrains/IntelliJ IDEA Community Edition 2022.3/bin/
PATH: /cygdrive/c/Program Files/Java/jdk-17.0.5/bin/
PATH: /cygdrive/c/jmasm/


## ----------- ##
## Core tests. ##
## ----------- ##

configure:2971: looking for aux files: config.guess config.sub ltmain.sh compile missing install-sh
configure:2984:  trying ././
configure:3013:   ././config.guess found
configure:3013:   ././config.sub found
configure:3013:   ././ltmain.sh found
configure:3013:   ././compile found
configure:3013:   ././missing found
configure:2995:   ././install-sh found
configure:3144: checking for a BSD-compatible install
configure:3217: result: /usr/bin/install -c
configure:3228: checking whether build environment is sane
configure:3283: result: yes
configure:3339: checking for armv7a-strip
configure:3374: result: no
configure:3384: checking for strip
configure:3405: found /usr/bin/strip
configure:3416: result: strip
configure:3442: checking for a race-free mkdir -p
configure:3486: result: /usr/bin/mkdir -p
configure:3493: checking for gawk
configure:3514: found /usr/bin/gawk
configure:3525: result: gawk
configure:3536: checking whether make sets $(MAKE)
configure:3559: result: yes
configure:3589: checking whether make supports nested variables
configure:3607: result: no
configure:3766: checking for armv7a-gcc
configure:3798: result: /cygdrive/c/Users/oruge/AppData/Local/Android/Sdk/ndk/25.1.8937393/toolchains/llvm/prebuilt/windows-x86_64/bin/armv7a-linux-androideabi23-clang
configure:4196: checking for C compiler version
configure:4205: /cygdrive/c/Users/oruge/AppData/Local/Android/Sdk/ndk/25.1.8937393/toolchains/llvm/prebuilt/windows-x86_64/bin/armv7a-linux-androideabi23-clang --version >&5
Android (8490178, based on r450784d) clang version 14.0.6 (https://android.googlesource.com/toolchain/llvm-project 4c603efb0cca074e9238af8b4106c30add4418f6)
Target: armv7a-unknown-linux-android23
Thread model: posix
InstalledDir: C:/Users/oruge/AppData/Local/Android/Sdk/ndk/25.1.8937393/toolchains/llvm/prebuilt/windows-x86_64/bin
configure:4216: $? = 0
configure:4205: /cygdrive/c/Users/oruge/AppData/Local/Android/Sdk/ndk/25.1.8937393/toolchains/llvm/prebuilt/windows-x86_64/bin/armv7a-linux-androideabi23-clang -v >&5
Android (8490178, based on r450784d) clang version 14.0.6 (https://android.googlesource.com/toolchain/llvm-project 4c603efb0cca074e9238af8b4106c30add4418f6)
Target: armv7a-unknown-linux-android23
Thread model: posix
InstalledDir: C:/Users/oruge/AppData/Local/Android/Sdk/ndk/25.1.8937393/toolchains/llvm/prebuilt/windows-x86_64/bin
configure:4216: $? = 0
configure:4205: /cygdrive/c/Users/oruge/AppData/Local/Android/Sdk/ndk/25.1.8937393/toolchains/llvm/prebuilt/windows-x86_64/bin/armv7a-linux-androideabi23-clang -V >&5
clang: error: argument to '-V' is missing (expected 1 value)
clang: error: no input files
configure:4216: $? = 1
configure:4205: /cygdrive/c/Users/oruge/AppData/Local/Android/Sdk/ndk/25.1.8937393/toolchains/llvm/prebuilt/windows-x86_64/bin/armv7a-linux-androideabi23-clang -qversion >&5
clang: error: unknown argument '-qversion'; did you mean '--version'?
clang: error: no input files
configure:4216: $? = 1
configure:4205: /cygdrive/c/Users/oruge/AppData/Local/Android/Sdk/ndk/25.1.8937393/toolchains/llvm/prebuilt/windows-x86_64/bin/armv7a-linux-androideabi23-clang -version >&5
clang: error: unknown argument '-version'; did you mean '--version'?
clang: error: no input files
configure:4216: $? = 1
configure:4236: checking whether the C compiler works
configure:4258: /cygdrive/c/Users/oruge/AppData/Local/Android/Sdk/ndk/25.1.8937393/toolchains/llvm/prebuilt/windows-x86_64/bin/armv7a-linux-androideabi23-clang    conftest.c  >&5
configure:4262: $? = 0
configure:4312: result: yes
configure:4315: checking for C compiler default output file name
configure:4317: result: a.out
configure:4323: checking for suffix of executables
configure:4330: /cygdrive/c/Users/oruge/AppData/Local/Android/Sdk/ndk/25.1.8937393/toolchains/llvm/prebuilt/windows-x86_64/bin/armv7a-linux-androideabi23-clang -o conftest    conftest.c  >&5
configure:4334: $? = 0
configure:4357: result: 
configure:4379: checking whether we are cross compiling
configure:4387: /cygdrive/c/Users/oruge/AppData/Local/Android/Sdk/ndk/25.1.8937393/toolchains/llvm/prebuilt/windows-x86_64/bin/armv7a-linux-androideabi23-clang -o conftest    conftest.c  >&5
configure:4391: $? = 0
configure:4398: ./conftest
./configure: line 4400: ./conftest: cannot execute binary file: Exec format error
configure:4402: $? = 126
configure:4417: result: yes
configure:4422: checking for suffix of object files
configure:4445: /cygdrive/c/Users/oruge/AppData/Local/Android/Sdk/ndk/25.1.8937393/toolchains/llvm/prebuilt/windows-x86_64/bin/armv7a-linux-androideabi23-clang -c   conftest.c >&5
configure:4449: $? = 0
configure:4471: result: o
configure:4475: checking whether the compiler supports GNU C
configure:4495: /cygdrive/c/Users/oruge/AppData/Local/Android/Sdk/ndk/25.1.8937393/toolchains/llvm/prebuilt/windows-x86_64/bin/armv7a-linux-androideabi23-clang -c   conftest.c >&5
configure:4495: $? = 0
configure:4505: result: yes
configure:4516: checking whether /cygdrive/c/Users/oruge/AppData/Local/Android/Sdk/ndk/25.1.8937393/toolchains/llvm/prebuilt/windows-x86_64/bin/armv7a-linux-androideabi23-clang accepts -g
configure:4537: /cygdrive/c/Users/oruge/AppData/Local/Android/Sdk/ndk/25.1.8937393/toolchains/llvm/prebuilt/windows-x86_64/bin/armv7a-linux-androideabi23-clang -c -g  conftest.c >&5
configure:4537: $? = 0
configure:4581: result: yes
configure:4601: checking for /cygdrive/c/Users/oruge/AppData/Local/Android/Sdk/ndk/25.1.8937393/toolchains/llvm/prebuilt/windows-x86_64/bin/armv7a-linux-androideabi23-clang option to enable C11 features
configure:4616: /cygdrive/c/Users/oruge/AppData/Local/Android/Sdk/ndk/25.1.8937393/toolchains/llvm/prebuilt/windows-x86_64/bin/armv7a-linux-androideabi23-clang  -c -g -O2  conftest.c >&5
configure:4616: $? = 0
configure:4634: result: none needed
configure:4750: checking whether /cygdrive/c/Users/oruge/AppData/Local/Android/Sdk/ndk/25.1.8937393/toolchains/llvm/prebuilt/windows-x86_64/bin/armv7a-linux-androideabi23-clang understands -c and -o together
configure:4773: /cygdrive/c/Users/oruge/AppData/Local/Android/Sdk/ndk/25.1.8937393/toolchains/llvm/prebuilt/windows-x86_64/bin/armv7a-linux-androideabi23-clang -c conftest.c -o conftest2.o
configure:4776: $? = 0
configure:4773: /cygdrive/c/Users/oruge/AppData/Local/Android/Sdk/ndk/25.1.8937393/toolchains/llvm/prebuilt/windows-x86_64/bin/armv7a-linux-androideabi23-clang -c conftest.c -o conftest2.o
configure:4776: $? = 0
configure:4788: result: yes
configure:4808: checking whether make supports the include directive
configure:4823: make -f confmf.GNU && cat confinc.out
MAKE Version 5.43  Copyright (c) 1987, 2019 Embarcadero Technologies, Inc.
Error confmf.GNU 2: Command syntax error
*** 1 errors during make ***
configure:4826: $? = 1
configure:4823: make -f confmf.BSD && cat confinc.out
MAKE Version 5.43  Copyright (c) 1987, 2019 Embarcadero Technologies, Inc.
Error confmf.BSD 2: Colon expected
*** 1 errors during make ***
configure:4826: $? = 1
configure:4845: result: no
configure:4871: checking dependency style of /cygdrive/c/Users/oruge/AppData/Local/Android/Sdk/ndk/25.1.8937393/toolchains/llvm/prebuilt/windows-x86_64/bin/armv7a-linux-androideabi23-clang
configure:4983: result: none
configure:5018: checking for armv7a-g++
configure:5053: result: no
configure:5018: checking for armv7a-c++
configure:5053: result: no
configure:5018: checking for armv7a-gpp
configure:5053: result: no
configure:5018: checking for armv7a-aCC
configure:5053: result: no
configure:5018: checking for armv7a-CC
configure:5053: result: no
configure:5018: checking for armv7a-cxx
configure:5053: result: no
configure:5018: checking for armv7a-cc++
configure:5053: result: no
configure:5018: checking for armv7a-cl.exe
configure:5053: result: no
configure:5018: checking for armv7a-FCC
configure:5053: result: no
configure:5018: checking for armv7a-KCC
configure:5053: result: no
configure:5018: checking for armv7a-RCC
configure:5053: result: no
configure:5018: checking for armv7a-xlC_r
configure:5053: result: no
configure:5018: checking for armv7a-xlC
configure:5053: result: no
configure:5018: checking for armv7a-clang++
configure:5053: result: no
configure:5067: checking for g++
configure:5088: found /usr/bin/g++
configure:5099: result: g++
configure:5115: WARNING: using cross tools not prefixed with host triplet
configure:5126: checking for C++ compiler version
configure:5135: g++ --version >&5
g++ (GCC) 11.3.0
Copyright (C) 2021 Free Software Foundation, Inc.
This is free software; see the source for copying conditions.  There is NO
warranty; not even for MERCHANTABILITY or FITNESS FOR A PARTICULAR PURPOSE.

configure:5146: $? = 0
configure:5135: g++ -v >&5
Using built-in specs.
COLLECT_GCC=g++
COLLECT_LTO_WRAPPER=/usr/lib/gcc/x86_64-pc-cygwin/11/lto-wrapper.exe
Target: x86_64-pc-cygwin
Configured with: /mnt/share/cygpkgs/gcc/gcc.x86_64/src/gcc-11.3.0/configure --srcdir=/mnt/share/cygpkgs/gcc/gcc.x86_64/src/gcc-11.3.0 --prefix=/usr --exec-prefix=/usr --localstatedir=/var --sysconfdir=/etc --docdir=/usr/share/doc/gcc --htmldir=/usr/share/doc/gcc/html -C --build=x86_64-pc-cygwin --host=x86_64-pc-cygwin --target=x86_64-pc-cygwin --without-libiconv-prefix --without-libintl-prefix --libexecdir=/usr/lib --with-gcc-major-version-only --enable-shared --enable-shared-libgcc --enable-static --enable-version-specific-runtime-libs --enable-bootstrap --enable-__cxa_atexit --with-dwarf2 --with-tune=generic --enable-languages=c,c++,fortran,lto,objc,obj-c++,jit --enable-graphite --enable-threads=posix --enable-libatomic --enable-libgomp --enable-libquadmath --enable-libquadmath-support --disable-libssp --enable-libada --disable-symvers --with-gnu-ld --with-gnu-as --with-cloog-include=/usr/include/cloog-isl --without-libiconv-prefix --without-libintl-prefix --with-system-zlib --enable-linker-build-id --with-default-libstdcxx-abi=gcc4-compatible --enable-libstdcxx-filesystem-ts
Thread model: posix
Supported LTO compression algorithms: zlib zstd
gcc version 11.3.0 (GCC) 
configure:5146: $? = 0
configure:5135: g++ -V >&5
g++: error: unrecognized command-line option '-V'
g++: fatal error: no input files
compilation terminated.
configure:5146: $? = 1
configure:5135: g++ -qversion >&5
g++: error: unrecognized command-line option '-qversion'; did you mean '--version'?
g++: fatal error: no input files
compilation terminated.
configure:5146: $? = 1
configure:5150: checking whether the compiler supports GNU C++
configure:5170: g++ -c   conftest.cpp >&5
configure:5170: $? = 0
configure:5180: result: yes
configure:5191: checking whether g++ accepts -g
configure:5212: g++ -c -g  conftest.cpp >&5
configure:5212: $? = 0
configure:5256: result: yes
configure:5276: checking for g++ option to enable C++11 features
configure:5291: g++  -c -g -O2  conftest.cpp >&5
conftest.cpp: In function 'int main(int, char**)':
conftest.cpp:177:25: warning: empty parentheses were disambiguated as a function declaration [-Wvexing-parse]
  177 |   cxx11test::delegate d2();
      |                         ^~
conftest.cpp:177:25: note: remove parentheses to default-initialize a variable
  177 |   cxx11test::delegate d2();
      |                         ^~
      |                         --
conftest.cpp:177:25: note: or replace parentheses with braces to value-initialize a variable
configure:5291: $? = 0
configure:5309: result: none needed
configure:5375: checking dependency style of g++
configure:5487: result: none
configure:5534: checking build system type
configure:5549: result: x86_64-pc-cygwin
configure:5569: checking host system type
configure:5583: result: armv7a-unknown-none
configure:5624: checking how to print strings
configure:5651: result: printf
configure:5672: checking for a sed that does not truncate output
configure:5742: result: /usr/bin/sed
configure:5760: checking for grep that handles long lines and -e
configure:5824: result: /usr/bin/grep
configure:5829: checking for egrep
configure:5897: result: /usr/bin/grep -E
configure:5902: checking for fgrep
configure:5970: result: /usr/bin/grep -F
configure:6006: checking for ld used by /cygdrive/c/Users/oruge/AppData/Local/Android/Sdk/ndk/25.1.8937393/toolchains/llvm/prebuilt/windows-x86_64/bin/armv7a-linux-androideabi23-clang
configure:6074: result: C:/Users/oruge/AppData/Local/Android/Sdk/ndk/25.1.8937393/toolchains/llvm/prebuilt/windows-x86_64/bin/ld
configure:6081: checking if the linker (C:/Users/oruge/AppData/Local/Android/Sdk/ndk/25.1.8937393/toolchains/llvm/prebuilt/windows-x86_64/bin/ld) is GNU ld
configure:6097: result: yes
configure:6109: checking for BSD- or MS-compatible name lister (nm)
configure:6164: result: no
configure:6178: checking for armv7a-dumpbin
configure:6213: result: no
configure:6178: checking for armv7a-link
configure:6213: result: no
configure:6227: checking for dumpbin
configure:6262: result: no
configure:6227: checking for link
configure:6248: found /usr/bin/link
configure:6259: result: link -dump
configure:6304: checking the name lister (nm) interface
configure:6312: /cygdrive/c/Users/oruge/AppData/Local/Android/Sdk/ndk/25.1.8937393/toolchains/llvm/prebuilt/windows-x86_64/bin/armv7a-linux-androideabi23-clang -c -g -O2  conftest.c >&5
configure:6315: nm "conftest.o"
configure:6318: output
00000000 B some_variable
configure:6325: result: BSD nm
configure:6328: checking whether ln -s works
configure:6332: result: yes
configure:6340: checking the maximum length of command line arguments
configure:6472: result: 8192
configure:6520: checking how to convert x86_64-pc-cygwin file names to armv7a-unknown-none format
configure:6561: result: func_convert_file_noop
configure:6568: checking how to convert x86_64-pc-cygwin file names to toolchain format
configure:6589: result: func_convert_file_noop
configure:6596: checking for C:/Users/oruge/AppData/Local/Android/Sdk/ndk/25.1.8937393/toolchains/llvm/prebuilt/windows-x86_64/bin/ld option to reload object files
configure:6604: result: -r
configure:6638: checking for armv7a-objdump
configure:6673: result: no
configure:6683: checking for objdump
configure:6704: found /usr/bin/objdump
configure:6715: result: objdump
configure:6747: checking how to recognize dependent libraries
configure:6948: result: unknown
configure:6993: checking for armv7a-dlltool
configure:7028: result: no
configure:7038: checking for dlltool
configure:7059: found /usr/bin/dlltool
configure:7070: result: dlltool
configure:7103: checking how to associate runtime and link libraries
configure:7131: result: printf %s\n
configure:7148: checking for armv7a-ar
configure:7183: result: no
configure:7197: checking for ar
configure:7218: found /usr/bin/ar
configure:7229: result: ar
configure:7282: checking for archiver @FILE support
configure:7300: /cygdrive/c/Users/oruge/AppData/Local/Android/Sdk/ndk/25.1.8937393/toolchains/llvm/prebuilt/windows-x86_64/bin/armv7a-linux-androideabi23-clang -c -g -O2  conftest.c >&5
configure:7300: $? = 0
configure:7304: ar cr libconftest.a @conftest.lst >&5
configure:7307: $? = 0
configure:7312: ar cr libconftest.a @conftest.lst >&5
ar: conftest.o: No such file or directory
configure:7315: $? = 1
configure:7327: result: @
configure:7345: checking for armv7a-strip
configure:7377: result: strip
configure:7454: checking for armv7a-ranlib
configure:7489: result: no
configure:7499: checking for ranlib
configure:7520: found /usr/bin/ranlib
configure:7531: result: ranlib
configure:7633: checking command to parse nm output from /cygdrive/c/Users/oruge/AppData/Local/Android/Sdk/ndk/25.1.8937393/toolchains/llvm/prebuilt/windows-x86_64/bin/armv7a-linux-androideabi23-clang object
configure:7787: /cygdrive/c/Users/oruge/AppData/Local/Android/Sdk/ndk/25.1.8937393/toolchains/llvm/prebuilt/windows-x86_64/bin/armv7a-linux-androideabi23-clang -c -g -O2  conftest.c >&5
configure:7790: $? = 0
configure:7794: nm conftest.o \| sed -n -e 's/^.*[ ]\([ABCDGIRSTW][ABCDGIRSTW]*\)[ ][ ]*\([_A-Za-z][_A-Za-z0-9]*\)$/\1 \2 \2/p' | sed '/ __gnu_lto/d' \> conftest.nm
configure:7797: $? = 0
configure:7863: /cygdrive/c/Users/oruge/AppData/Local/Android/Sdk/ndk/25.1.8937393/toolchains/llvm/prebuilt/windows-x86_64/bin/armv7a-linux-androideabi23-clang -o conftest -g -O2   conftest.c conftstm.o >&5
configure:7866: $? = 0
configure:7904: result: ok
configure:7951: checking for sysroot
configure:7982: result: no
configure:7989: checking for a working dd
configure:8033: result: /usr/bin/dd
configure:8037: checking how to truncate binary pipes
configure:8053: result: /usr/bin/dd bs=4096 count=1
configure:8345: checking for armv7a-mt
configure:8380: result: no
configure:8390: checking for mt
configure:8425: result: no
configure:8445: checking if : is a manifest tool
configure:8452: : '-?'
configure:8460: result: no
configure:9190: checking for stdio.h
configure:9190: /cygdrive/c/Users/oruge/AppData/Local/Android/Sdk/ndk/25.1.8937393/toolchains/llvm/prebuilt/windows-x86_64/bin/armv7a-linux-androideabi23-clang -c -g -O2  conftest.c >&5
configure:9190: $? = 0
configure:9190: result: yes
configure:9190: checking for stdlib.h
configure:9190: /cygdrive/c/Users/oruge/AppData/Local/Android/Sdk/ndk/25.1.8937393/toolchains/llvm/prebuilt/windows-x86_64/bin/armv7a-linux-androideabi23-clang -c -g -O2  conftest.c >&5
configure:9190: $? = 0
configure:9190: result: yes
configure:9190: checking for string.h
configure:9190: /cygdrive/c/Users/oruge/AppData/Local/Android/Sdk/ndk/25.1.8937393/toolchains/llvm/prebuilt/windows-x86_64/bin/armv7a-linux-androideabi23-clang -c -g -O2  conftest.c >&5
configure:9190: $? = 0
configure:9190: result: yes
configure:9190: checking for inttypes.h
configure:9190: /cygdrive/c/Users/oruge/AppData/Local/Android/Sdk/ndk/25.1.8937393/toolchains/llvm/prebuilt/windows-x86_64/bin/armv7a-linux-androideabi23-clang -c -g -O2  conftest.c >&5
configure:9190: $? = 0
configure:9190: result: yes
configure:9190: checking for stdint.h
configure:9190: /cygdrive/c/Users/oruge/AppData/Local/Android/Sdk/ndk/25.1.8937393/toolchains/llvm/prebuilt/windows-x86_64/bin/armv7a-linux-androideabi23-clang -c -g -O2  conftest.c >&5
configure:9190: $? = 0
configure:9190: result: yes
configure:9190: checking for strings.h
configure:9190: /cygdrive/c/Users/oruge/AppData/Local/Android/Sdk/ndk/25.1.8937393/toolchains/llvm/prebuilt/windows-x86_64/bin/armv7a-linux-androideabi23-clang -c -g -O2  conftest.c >&5
configure:9190: $? = 0
configure:9190: result: yes
configure:9190: checking for sys/stat.h
configure:9190: /cygdrive/c/Users/oruge/AppData/Local/Android/Sdk/ndk/25.1.8937393/toolchains/llvm/prebuilt/windows-x86_64/bin/armv7a-linux-androideabi23-clang -c -g -O2  conftest.c >&5
configure:9190: $? = 0
configure:9190: result: yes
configure:9190: checking for sys/types.h
configure:9190: /cygdrive/c/Users/oruge/AppData/Local/Android/Sdk/ndk/25.1.8937393/toolchains/llvm/prebuilt/windows-x86_64/bin/armv7a-linux-androideabi23-clang -c -g -O2  conftest.c >&5
configure:9190: $? = 0
configure:9190: result: yes
configure:9190: checking for unistd.h
configure:9190: /cygdrive/c/Users/oruge/AppData/Local/Android/Sdk/ndk/25.1.8937393/toolchains/llvm/prebuilt/windows-x86_64/bin/armv7a-linux-androideabi23-clang -c -g -O2  conftest.c >&5
configure:9190: $? = 0
configure:9190: result: yes
configure:9215: checking for dlfcn.h
configure:9215: /cygdrive/c/Users/oruge/AppData/Local/Android/Sdk/ndk/25.1.8937393/toolchains/llvm/prebuilt/windows-x86_64/bin/armv7a-linux-androideabi23-clang -c -g -O2  conftest.c >&5
configure:9215: $? = 0
configure:9215: result: yes
configure:9485: checking for objdir
configure:9501: result: .libs
configure:9761: checking if /cygdrive/c/Users/oruge/AppData/Local/Android/Sdk/ndk/25.1.8937393/toolchains/llvm/prebuilt/windows-x86_64/bin/armv7a-linux-androideabi23-clang supports -fno-rtti -fno-exceptions
configure:9780: /cygdrive/c/Users/oruge/AppData/Local/Android/Sdk/ndk/25.1.8937393/toolchains/llvm/prebuilt/windows-x86_64/bin/armv7a-linux-androideabi23-clang -c -g -O2  -fno-rtti -fno-exceptions conftest.c >&5
configure:9784: $? = 0
configure:9797: result: yes
configure:10155: checking for /cygdrive/c/Users/oruge/AppData/Local/Android/Sdk/ndk/25.1.8937393/toolchains/llvm/prebuilt/windows-x86_64/bin/armv7a-linux-androideabi23-clang option to produce PIC
configure:10163: result: -fPIC -DPIC
configure:10171: checking if /cygdrive/c/Users/oruge/AppData/Local/Android/Sdk/ndk/25.1.8937393/toolchains/llvm/prebuilt/windows-x86_64/bin/armv7a-linux-androideabi23-clang PIC flag -fPIC -DPIC works
configure:10190: /cygdrive/c/Users/oruge/AppData/Local/Android/Sdk/ndk/25.1.8937393/toolchains/llvm/prebuilt/windows-x86_64/bin/armv7a-linux-androideabi23-clang -c -g -O2  -fPIC -DPIC -DPIC conftest.c >&5
configure:10194: $? = 0
configure:10207: result: yes
configure:10236: checking if /cygdrive/c/Users/oruge/AppData/Local/Android/Sdk/ndk/25.1.8937393/toolchains/llvm/prebuilt/windows-x86_64/bin/armv7a-linux-androideabi23-clang static flag -static works
configure:10265: result: yes
configure:10280: checking if /cygdrive/c/Users/oruge/AppData/Local/Android/Sdk/ndk/25.1.8937393/toolchains/llvm/prebuilt/windows-x86_64/bin/armv7a-linux-androideabi23-clang supports -c -o file.o
configure:10302: /cygdrive/c/Users/oruge/AppData/Local/Android/Sdk/ndk/25.1.8937393/toolchains/llvm/prebuilt/windows-x86_64/bin/armv7a-linux-androideabi23-clang -c -g -O2  -o out/conftest2.o conftest.c >&5
configure:10306: $? = 0
configure:10328: result: yes
configure:10336: checking if /cygdrive/c/Users/oruge/AppData/Local/Android/Sdk/ndk/25.1.8937393/toolchains/llvm/prebuilt/windows-x86_64/bin/armv7a-linux-androideabi23-clang supports -c -o file.o
configure:10384: result: yes
configure:10417: checking whether the /cygdrive/c/Users/oruge/AppData/Local/Android/Sdk/ndk/25.1.8937393/toolchains/llvm/prebuilt/windows-x86_64/bin/armv7a-linux-androideabi23-clang linker (C:/Users/oruge/AppData/Local/Android/Sdk/ndk/25.1.8937393/toolchains/llvm/prebuilt/windows-x86_64/bin/ld) supports shared libraries
configure:11685: result: yes
configure:11722: checking whether -lc should be explicitly linked in
configure:11731: /cygdrive/c/Users/oruge/AppData/Local/Android/Sdk/ndk/25.1.8937393/toolchains/llvm/prebuilt/windows-x86_64/bin/armv7a-linux-androideabi23-clang -c -g -O2  conftest.c >&5
configure:11734: $? = 0
configure:11749: /cygdrive/c/Users/oruge/AppData/Local/Android/Sdk/ndk/25.1.8937393/toolchains/llvm/prebuilt/windows-x86_64/bin/armv7a-linux-androideabi23-clang -shared  -fPIC -DPIC conftest.o  -v -Wl,-soname -Wl,conftest -o conftest 2\>\&1 \| /usr/bin/grep  -lc  \>/dev/null 2\>\&1
configure:11752: $? = 0
configure:11766: result: no
configure:11926: checking dynamic linker characteristics
configure:12747: result: no
configure:12869: checking how to hardcode library paths into programs
configure:12894: result: immediate
configure:13446: checking whether stripping libraries is possible
configure:13455: result: yes
configure:13497: checking if libtool supports shared libraries
configure:13499: result: no
configure:13502: checking whether to build shared libraries
configure:13527: result: no
configure:13530: checking whether to build static libraries
configure:13534: result: yes
configure:13557: checking how to run the C++ preprocessor
configure:13579: g++ -E  conftest.cpp
configure:13579: $? = 0
configure:13594: g++ -E  conftest.cpp
conftest.cpp:23:10: fatal error: ac_nonexistent.h: No such file or directory
   23 | #include <ac_nonexistent.h>
      |          ^~~~~~~~~~~~~~~~~~
compilation terminated.
configure:13594: $? = 1
configure: failed program was:
| /* confdefs.h */
| #define PACKAGE_NAME "jansson"
| #define PACKAGE_TARNAME "jansson"
| #define PACKAGE_VERSION "2.14"
| #define PACKAGE_STRING "jansson 2.14"
| #define PACKAGE_BUGREPORT "https://github.com/akheron/jansson/issues"
| #define PACKAGE_URL ""
| #define PACKAGE "jansson"
| #define VERSION "2.14"
| #define HAVE_STDIO_H 1
| #define HAVE_STDLIB_H 1
| #define HAVE_STRING_H 1
| #define HAVE_INTTYPES_H 1
| #define HAVE_STDINT_H 1
| #define HAVE_STRINGS_H 1
| #define HAVE_SYS_STAT_H 1
| #define HAVE_SYS_TYPES_H 1
| #define HAVE_UNISTD_H 1
| #define STDC_HEADERS 1
| #define HAVE_DLFCN_H 1
| #define LT_OBJDIR ".libs/"
| /* end confdefs.h.  */
| #include <ac_nonexistent.h>
configure:13621: result: g++ -E
configure:13635: g++ -E  conftest.cpp
configure:13635: $? = 0
configure:13650: g++ -E  conftest.cpp
conftest.cpp:23:10: fatal error: ac_nonexistent.h: No such file or directory
   23 | #include <ac_nonexistent.h>
      |          ^~~~~~~~~~~~~~~~~~
compilation terminated.
configure:13650: $? = 1
configure: failed program was:
| /* confdefs.h */
| #define PACKAGE_NAME "jansson"
| #define PACKAGE_TARNAME "jansson"
| #define PACKAGE_VERSION "2.14"
| #define PACKAGE_STRING "jansson 2.14"
| #define PACKAGE_BUGREPORT "https://github.com/akheron/jansson/issues"
| #define PACKAGE_URL ""
| #define PACKAGE "jansson"
| #define VERSION "2.14"
| #define HAVE_STDIO_H 1
| #define HAVE_STDLIB_H 1
| #define HAVE_STRING_H 1
| #define HAVE_INTTYPES_H 1
| #define HAVE_STDINT_H 1
| #define HAVE_STRINGS_H 1
| #define HAVE_SYS_STAT_H 1
| #define HAVE_SYS_TYPES_H 1
| #define HAVE_UNISTD_H 1
| #define STDC_HEADERS 1
| #define HAVE_DLFCN_H 1
| #define LT_OBJDIR ".libs/"
| /* end confdefs.h.  */
| #include <ac_nonexistent.h>
configure:13815: checking for ld used by g++
configure:13883: result: C:/Users/oruge/AppData/Local/Android/Sdk/ndk/25.1.8937393/toolchains/llvm/prebuilt/windows-x86_64/bin/ld
configure:13890: checking if the linker (C:/Users/oruge/AppData/Local/Android/Sdk/ndk/25.1.8937393/toolchains/llvm/prebuilt/windows-x86_64/bin/ld) is GNU ld
configure:13906: result: yes
configure:13961: checking whether the g++ linker (C:/Users/oruge/AppData/Local/Android/Sdk/ndk/25.1.8937393/toolchains/llvm/prebuilt/windows-x86_64/bin/ld) supports shared libraries
configure:15039: result: no
configure:15075: g++ -c -g -O2  conftest.cpp >&5
configure:15078: $? = 0
configure:15559: checking for g++ option to produce PIC
configure:15567: result: -fPIC -DPIC
configure:15575: checking if g++ PIC flag -fPIC -DPIC works
configure:15594: g++ -c -g -O2  -fPIC -DPIC -DPIC conftest.cpp >&5
configure:15598: $? = 0
configure:15611: result: yes
configure:15634: checking if g++ static flag -static works
configure:15663: result: yes
configure:15675: checking if g++ supports -c -o file.o
configure:15697: g++ -c -g -O2  -o out/conftest2.o conftest.cpp >&5
configure:15701: $? = 0
configure:15723: result: yes
configure:15728: checking if g++ supports -c -o file.o
configure:15776: result: yes
configure:15806: checking whether the g++ linker (C:/Users/oruge/AppData/Local/Android/Sdk/ndk/25.1.8937393/toolchains/llvm/prebuilt/windows-x86_64/bin/ld) supports shared libraries
configure:15846: result: no
configure:15988: checking dynamic linker characteristics
configure:16736: result: no
configure:16801: checking how to hardcode library paths into programs
configure:16826: result: immediate
configure:16899: checking for endian.h
configure:16899: /cygdrive/c/Users/oruge/AppData/Local/Android/Sdk/ndk/25.1.8937393/toolchains/llvm/prebuilt/windows-x86_64/bin/armv7a-linux-androideabi23-clang -c -g -O2  conftest.c >&5
configure:16899: $? = 0
configure:16899: result: yes
configure:16905: checking for fcntl.h
configure:16905: /cygdrive/c/Users/oruge/AppData/Local/Android/Sdk/ndk/25.1.8937393/toolchains/llvm/prebuilt/windows-x86_64/bin/armv7a-linux-androideabi23-clang -c -g -O2  conftest.c >&5
configure:16905: $? = 0
configure:16905: result: yes
configure:16911: checking for locale.h
configure:16911: /cygdrive/c/Users/oruge/AppData/Local/Android/Sdk/ndk/25.1.8937393/toolchains/llvm/prebuilt/windows-x86_64/bin/armv7a-linux-androideabi23-clang -c -g -O2  conftest.c >&5
configure:16911: $? = 0
configure:16911: result: yes
configure:16917: checking for sched.h
configure:16917: /cygdrive/c/Users/oruge/AppData/Local/Android/Sdk/ndk/25.1.8937393/toolchains/llvm/prebuilt/windows-x86_64/bin/armv7a-linux-androideabi23-clang -c -g -O2  conftest.c >&5
configure:16917: $? = 0
configure:16917: result: yes
configure:16923: checking for unistd.h
configure:16923: result: yes
configure:16929: checking for sys/param.h
configure:16929: /cygdrive/c/Users/oruge/AppData/Local/Android/Sdk/ndk/25.1.8937393/toolchains/llvm/prebuilt/windows-x86_64/bin/armv7a-linux-androideabi23-clang -c -g -O2  conftest.c >&5
configure:16929: $? = 0
configure:16929: result: yes
configure:16935: checking for sys/stat.h
configure:16935: result: yes
configure:16941: checking for sys/time.h
configure:16941: /cygdrive/c/Users/oruge/AppData/Local/Android/Sdk/ndk/25.1.8937393/toolchains/llvm/prebuilt/windows-x86_64/bin/armv7a-linux-androideabi23-clang -c -g -O2  conftest.c >&5
configure:16941: $? = 0
configure:16941: result: yes
configure:16947: checking for sys/types.h
configure:16947: result: yes
configure:16956: checking for int32_t
configure:16956: /cygdrive/c/Users/oruge/AppData/Local/Android/Sdk/ndk/25.1.8937393/toolchains/llvm/prebuilt/windows-x86_64/bin/armv7a-linux-androideabi23-clang -c -g -O2  conftest.c >&5
configure:16956: $? = 0
configure:16956: /cygdrive/c/Users/oruge/AppData/Local/Android/Sdk/ndk/25.1.8937393/toolchains/llvm/prebuilt/windows-x86_64/bin/armv7a-linux-androideabi23-clang -c -g -O2  conftest.c >&5
conftest.c:65:53: warning: overflow in expression; result is -2147483648 with type 'int' [-Winteger-overflow]
                 < (int32_t) (((((int32_t) 1 << N) << N) - 1) * 2 + 2))];
                                                                  ^
conftest.c:64:24: error: 'test_array' declared as an array with a negative size
static int test_array [1 - 2 * !((int32_t) (((((int32_t) 1 << N) << N) - 1) * 2 + 1)
                       ^~~~~~~~~~~~~~~~~~~~~~~~~~~~~~~~~~~~~~~~~~~~~~~~~~~~~~~~~~~~~
1 warning and 1 error generated.
configure:16956: $? = 1
configure: failed program was:
| /* confdefs.h */
| #define PACKAGE_NAME "jansson"
| #define PACKAGE_TARNAME "jansson"
| #define PACKAGE_VERSION "2.14"
| #define PACKAGE_STRING "jansson 2.14"
| #define PACKAGE_BUGREPORT "https://github.com/akheron/jansson/issues"
| #define PACKAGE_URL ""
| #define PACKAGE "jansson"
| #define VERSION "2.14"
| #define HAVE_STDIO_H 1
| #define HAVE_STDLIB_H 1
| #define HAVE_STRING_H 1
| #define HAVE_INTTYPES_H 1
| #define HAVE_STDINT_H 1
| #define HAVE_STRINGS_H 1
| #define HAVE_SYS_STAT_H 1
| #define HAVE_SYS_TYPES_H 1
| #define HAVE_UNISTD_H 1
| #define STDC_HEADERS 1
| #define HAVE_DLFCN_H 1
| #define LT_OBJDIR ".libs/"
| #define HAVE_ENDIAN_H 1
| #define HAVE_FCNTL_H 1
| #define HAVE_LOCALE_H 1
| #define HAVE_SCHED_H 1
| #define HAVE_UNISTD_H 1
| #define HAVE_SYS_PARAM_H 1
| #define HAVE_SYS_STAT_H 1
| #define HAVE_SYS_TIME_H 1
| #define HAVE_SYS_TYPES_H 1
| /* end confdefs.h.  */
| #include <stddef.h>
| #ifdef HAVE_STDIO_H
| # include <stdio.h>
| #endif
| #ifdef HAVE_STDLIB_H
| # include <stdlib.h>
| #endif
| #ifdef HAVE_STRING_H
| # include <string.h>
| #endif
| #ifdef HAVE_INTTYPES_H
| # include <inttypes.h>
| #endif
| #ifdef HAVE_STDINT_H
| # include <stdint.h>
| #endif
| #ifdef HAVE_STRINGS_H
| # include <strings.h>
| #endif
| #ifdef HAVE_SYS_TYPES_H
| # include <sys/types.h>
| #endif
| #ifdef HAVE_SYS_STAT_H
| # include <sys/stat.h>
| #endif
| #ifdef HAVE_UNISTD_H
| # include <unistd.h>
| #endif
| 	        enum { N = 32 / 2 - 1 };
| int
| main (void)
| {
| static int test_array [1 - 2 * !((int32_t) (((((int32_t) 1 << N) << N) - 1) * 2 + 1)
| 		 < (int32_t) (((((int32_t) 1 << N) << N) - 1) * 2 + 2))];
| test_array [0] = 0;
| return test_array [0];
| 
|   ;
|   return 0;
| }
configure:16956: result: yes
configure:16965: checking for uint32_t
configure:16965: /cygdrive/c/Users/oruge/AppData/Local/Android/Sdk/ndk/25.1.8937393/toolchains/llvm/prebuilt/windows-x86_64/bin/armv7a-linux-androideabi23-clang -c -g -O2  conftest.c >&5
configure:16965: $? = 0
configure:16965: result: yes
configure:16977: checking for uint16_t
configure:16977: /cygdrive/c/Users/oruge/AppData/Local/Android/Sdk/ndk/25.1.8937393/toolchains/llvm/prebuilt/windows-x86_64/bin/armv7a-linux-androideabi23-clang -c -g -O2  conftest.c >&5
configure:16977: $? = 0
configure:16977: result: yes
configure:16987: checking for uint8_t
configure:16987: /cygdrive/c/Users/oruge/AppData/Local/Android/Sdk/ndk/25.1.8937393/toolchains/llvm/prebuilt/windows-x86_64/bin/armv7a-linux-androideabi23-clang -c -g -O2  conftest.c >&5
configure:16987: $? = 0
configure:16987: result: yes
configure:17000: checking for unsigned long long int
configure:17042: /cygdrive/c/Users/oruge/AppData/Local/Android/Sdk/ndk/25.1.8937393/toolchains/llvm/prebuilt/windows-x86_64/bin/armv7a-linux-androideabi23-clang -o conftest -g -O2   conftest.c  >&5
configure:17042: $? = 0
configure:17052: result: yes
configure:17062: checking for long long int
configure:17117: result: yes
configure:17126: checking for inline
configure:17143: /cygdrive/c/Users/oruge/AppData/Local/Android/Sdk/ndk/25.1.8937393/toolchains/llvm/prebuilt/windows-x86_64/bin/armv7a-linux-androideabi23-clang -c -g -O2  conftest.c >&5
configure:17143: $? = 0
configure:17152: result: inline
configure:17178: checking for close
configure:17178: /cygdrive/c/Users/oruge/AppData/Local/Android/Sdk/ndk/25.1.8937393/toolchains/llvm/prebuilt/windows-x86_64/bin/armv7a-linux-androideabi23-clang -o conftest -g -O2   conftest.c  >&5
configure:17178: $? = 0
configure:17178: result: yes
configure:17184: checking for getpid
configure:17184: /cygdrive/c/Users/oruge/AppData/Local/Android/Sdk/ndk/25.1.8937393/toolchains/llvm/prebuilt/windows-x86_64/bin/armv7a-linux-androideabi23-clang -o conftest -g -O2   conftest.c  >&5
configure:17184: $? = 0
configure:17184: result: yes
configure:17190: checking for gettimeofday
configure:17190: /cygdrive/c/Users/oruge/AppData/Local/Android/Sdk/ndk/25.1.8937393/toolchains/llvm/prebuilt/windows-x86_64/bin/armv7a-linux-androideabi23-clang -o conftest -g -O2   conftest.c  >&5
configure:17190: $? = 0
configure:17190: result: yes
configure:17196: checking for localeconv
configure:17196: /cygdrive/c/Users/oruge/AppData/Local/Android/Sdk/ndk/25.1.8937393/toolchains/llvm/prebuilt/windows-x86_64/bin/armv7a-linux-androideabi23-clang -o conftest -g -O2   conftest.c  >&5
configure:17196: $? = 0
configure:17196: result: yes
configure:17202: checking for open
configure:17202: /cygdrive/c/Users/oruge/AppData/Local/Android/Sdk/ndk/25.1.8937393/toolchains/llvm/prebuilt/windows-x86_64/bin/armv7a-linux-androideabi23-clang -o conftest -g -O2   conftest.c  >&5
configure:17202: $? = 0
configure:17202: result: yes
configure:17208: checking for read
configure:17208: /cygdrive/c/Users/oruge/AppData/Local/Android/Sdk/ndk/25.1.8937393/toolchains/llvm/prebuilt/windows-x86_64/bin/armv7a-linux-androideabi23-clang -o conftest -g -O2   conftest.c  >&5
configure:17208: $? = 0
configure:17208: result: yes
configure:17214: checking for sched_yield
configure:17214: /cygdrive/c/Users/oruge/AppData/Local/Android/Sdk/ndk/25.1.8937393/toolchains/llvm/prebuilt/windows-x86_64/bin/armv7a-linux-androideabi23-clang -o conftest -g -O2   conftest.c  >&5
configure:17214: $? = 0
configure:17214: result: yes
configure:17220: checking for strtoll
configure:17220: /cygdrive/c/Users/oruge/AppData/Local/Android/Sdk/ndk/25.1.8937393/toolchains/llvm/prebuilt/windows-x86_64/bin/armv7a-linux-androideabi23-clang -o conftest -g -O2   conftest.c  >&5
conftest.c:57:6: warning: incompatible redeclaration of library function 'strtoll' [-Wincompatible-library-redeclaration]
char strtoll ();
     ^
conftest.c:57:6: note: 'strtoll' is a builtin with type 'long long (const char *, char **, int)'
1 warning generated.
configure:17220: $? = 0
configure:17220: result: yes
configure:17228: checking for gcc __sync builtins
configure:17242: /cygdrive/c/Users/oruge/AppData/Local/Android/Sdk/ndk/25.1.8937393/toolchains/llvm/prebuilt/windows-x86_64/bin/armv7a-linux-androideabi23-clang -o conftest -g -O2   conftest.c  >&5
configure:17242: $? = 0
configure:17257: result: yes
configure:17260: checking for gcc __atomic builtins
configure:17274: /cygdrive/c/Users/oruge/AppData/Local/Android/Sdk/ndk/25.1.8937393/toolchains/llvm/prebuilt/windows-x86_64/bin/armv7a-linux-androideabi23-clang -o conftest -g -O2   conftest.c  >&5
configure:17274: $? = 0
configure:17289: result: yes
configure:17357: checking for -Bsymbolic-functions linker flag
configure:17372: /cygdrive/c/Users/oruge/AppData/Local/Android/Sdk/ndk/25.1.8937393/toolchains/llvm/prebuilt/windows-x86_64/bin/armv7a-linux-androideabi23-clang -o conftest -g -O2  -Wl,-Bsymbolic-functions conftest.c  >&5
conftest.c:51:17: error: function definition is not allowed here
int main (void) { return 0; }
                ^
1 error generated.
configure:17372: $? = 1
configure: failed program was:
| /* confdefs.h */
| #define PACKAGE_NAME "jansson"
| #define PACKAGE_TARNAME "jansson"
| #define PACKAGE_VERSION "2.14"
| #define PACKAGE_STRING "jansson 2.14"
| #define PACKAGE_BUGREPORT "https://github.com/akheron/jansson/issues"
| #define PACKAGE_URL ""
| #define PACKAGE "jansson"
| #define VERSION "2.14"
| #define HAVE_STDIO_H 1
| #define HAVE_STDLIB_H 1
| #define HAVE_STRING_H 1
| #define HAVE_INTTYPES_H 1
| #define HAVE_STDINT_H 1
| #define HAVE_STRINGS_H 1
| #define HAVE_SYS_STAT_H 1
| #define HAVE_SYS_TYPES_H 1
| #define HAVE_UNISTD_H 1
| #define STDC_HEADERS 1
| #define HAVE_DLFCN_H 1
| #define LT_OBJDIR ".libs/"
| #define HAVE_ENDIAN_H 1
| #define HAVE_FCNTL_H 1
| #define HAVE_LOCALE_H 1
| #define HAVE_SCHED_H 1
| #define HAVE_UNISTD_H 1
| #define HAVE_SYS_PARAM_H 1
| #define HAVE_SYS_STAT_H 1
| #define HAVE_SYS_TIME_H 1
| #define HAVE_SYS_TYPES_H 1
| #define HAVE_UNSIGNED_LONG_LONG_INT 1
| #define HAVE_LONG_LONG_INT 1
| #define HAVE_CLOSE 1
| #define HAVE_GETPID 1
| #define HAVE_GETTIMEOFDAY 1
| #define HAVE_LOCALECONV 1
| #define HAVE_OPEN 1
| #define HAVE_READ 1
| #define HAVE_SCHED_YIELD 1
| #define HAVE_STRTOLL 1
| #define HAVE_SYNC_BUILTINS 1
| #define HAVE_ATOMIC_BUILTINS 1
| #define USE_URANDOM 1
| #define USE_WINDOWS_CRYPTOAPI 1
| #define INITIAL_HASHTABLE_ORDER 3
| /* end confdefs.h.  */
| 
| int
| main (void)
| {
| int main (void) { return 0; }
|   ;
|   return 0;
| }
configure:17378: result: no
configure:17403: checking for /cygdrive/c/Users/oruge/AppData/Local/Android/Sdk/ndk/25.1.8937393/toolchains/llvm/prebuilt/windows-x86_64/bin/armv7a-linux-androideabi23-clang options needed to detect all undeclared functions
configure:17425: /cygdrive/c/Users/oruge/AppData/Local/Android/Sdk/ndk/25.1.8937393/toolchains/llvm/prebuilt/windows-x86_64/bin/armv7a-linux-androideabi23-clang -c -g -O2   conftest.c >&5
conftest.c:51:8: warning: implicitly declaring library function 'strchr' with type 'char *(const char *, int)' [-Wimplicit-function-declaration]
(void) strchr;
       ^
conftest.c:51:8: note: include the header <string.h> or explicitly provide a declaration for 'strchr'
1 warning generated.
configure:17425: $? = 0
configure:17425: /cygdrive/c/Users/oruge/AppData/Local/Android/Sdk/ndk/25.1.8937393/toolchains/llvm/prebuilt/windows-x86_64/bin/armv7a-linux-androideabi23-clang -c -g -O2 -fno-builtin  conftest.c >&5
conftest.c:51:8: error: use of undeclared identifier 'strchr'
(void) strchr;
       ^
1 error generated.
configure:17425: $? = 1
configure: failed program was:
| /* confdefs.h */
| #define PACKAGE_NAME "jansson"
| #define PACKAGE_TARNAME "jansson"
| #define PACKAGE_VERSION "2.14"
| #define PACKAGE_STRING "jansson 2.14"
| #define PACKAGE_BUGREPORT "https://github.com/akheron/jansson/issues"
| #define PACKAGE_URL ""
| #define PACKAGE "jansson"
| #define VERSION "2.14"
| #define HAVE_STDIO_H 1
| #define HAVE_STDLIB_H 1
| #define HAVE_STRING_H 1
| #define HAVE_INTTYPES_H 1
| #define HAVE_STDINT_H 1
| #define HAVE_STRINGS_H 1
| #define HAVE_SYS_STAT_H 1
| #define HAVE_SYS_TYPES_H 1
| #define HAVE_UNISTD_H 1
| #define STDC_HEADERS 1
| #define HAVE_DLFCN_H 1
| #define LT_OBJDIR ".libs/"
| #define HAVE_ENDIAN_H 1
| #define HAVE_FCNTL_H 1
| #define HAVE_LOCALE_H 1
| #define HAVE_SCHED_H 1
| #define HAVE_UNISTD_H 1
| #define HAVE_SYS_PARAM_H 1
| #define HAVE_SYS_STAT_H 1
| #define HAVE_SYS_TIME_H 1
| #define HAVE_SYS_TYPES_H 1
| #define HAVE_UNSIGNED_LONG_LONG_INT 1
| #define HAVE_LONG_LONG_INT 1
| #define HAVE_CLOSE 1
| #define HAVE_GETPID 1
| #define HAVE_GETTIMEOFDAY 1
| #define HAVE_LOCALECONV 1
| #define HAVE_OPEN 1
| #define HAVE_READ 1
| #define HAVE_SCHED_YIELD 1
| #define HAVE_STRTOLL 1
| #define HAVE_SYNC_BUILTINS 1
| #define HAVE_ATOMIC_BUILTINS 1
| #define USE_URANDOM 1
| #define USE_WINDOWS_CRYPTOAPI 1
| #define INITIAL_HASHTABLE_ORDER 3
| /* end confdefs.h.  */
| 
| int
| main (void)
| {
| (void) strchr;
|   ;
|   return 0;
| }
configure:17452: /cygdrive/c/Users/oruge/AppData/Local/Android/Sdk/ndk/25.1.8937393/toolchains/llvm/prebuilt/windows-x86_64/bin/armv7a-linux-androideabi23-clang -c -g -O2 -fno-builtin  conftest.c >&5
configure:17452: $? = 0
configure:17469: result: -fno-builtin
configure:17483: checking whether __GLIBC__ is declared
configure:17483: /cygdrive/c/Users/oruge/AppData/Local/Android/Sdk/ndk/25.1.8937393/toolchains/llvm/prebuilt/windows-x86_64/bin/armv7a-linux-androideabi23-clang -c -g -O2 -fno-builtin  conftest.c >&5
conftest.c:82:10: error: use of undeclared identifier '__GLIBC__'
  (void) __GLIBC__;
         ^
1 error generated.
configure:17483: $? = 1
configure: failed program was:
| /* confdefs.h */
| #define PACKAGE_NAME "jansson"
| #define PACKAGE_TARNAME "jansson"
| #define PACKAGE_VERSION "2.14"
| #define PACKAGE_STRING "jansson 2.14"
| #define PACKAGE_BUGREPORT "https://github.com/akheron/jansson/issues"
| #define PACKAGE_URL ""
| #define PACKAGE "jansson"
| #define VERSION "2.14"
| #define HAVE_STDIO_H 1
| #define HAVE_STDLIB_H 1
| #define HAVE_STRING_H 1
| #define HAVE_INTTYPES_H 1
| #define HAVE_STDINT_H 1
| #define HAVE_STRINGS_H 1
| #define HAVE_SYS_STAT_H 1
| #define HAVE_SYS_TYPES_H 1
| #define HAVE_UNISTD_H 1
| #define STDC_HEADERS 1
| #define HAVE_DLFCN_H 1
| #define LT_OBJDIR ".libs/"
| #define HAVE_ENDIAN_H 1
| #define HAVE_FCNTL_H 1
| #define HAVE_LOCALE_H 1
| #define HAVE_SCHED_H 1
| #define HAVE_UNISTD_H 1
| #define HAVE_SYS_PARAM_H 1
| #define HAVE_SYS_STAT_H 1
| #define HAVE_SYS_TIME_H 1
| #define HAVE_SYS_TYPES_H 1
| #define HAVE_UNSIGNED_LONG_LONG_INT 1
| #define HAVE_LONG_LONG_INT 1
| #define HAVE_CLOSE 1
| #define HAVE_GETPID 1
| #define HAVE_GETTIMEOFDAY 1
| #define HAVE_LOCALECONV 1
| #define HAVE_OPEN 1
| #define HAVE_READ 1
| #define HAVE_SCHED_YIELD 1
| #define HAVE_STRTOLL 1
| #define HAVE_SYNC_BUILTINS 1
| #define HAVE_ATOMIC_BUILTINS 1
| #define USE_URANDOM 1
| #define USE_WINDOWS_CRYPTOAPI 1
| #define INITIAL_HASHTABLE_ORDER 3
| /* end confdefs.h.  */
| #include <stddef.h>
| #ifdef HAVE_STDIO_H
| # include <stdio.h>
| #endif
| #ifdef HAVE_STDLIB_H
| # include <stdlib.h>
| #endif
| #ifdef HAVE_STRING_H
| # include <string.h>
| #endif
| #ifdef HAVE_INTTYPES_H
| # include <inttypes.h>
| #endif
| #ifdef HAVE_STDINT_H
| # include <stdint.h>
| #endif
| #ifdef HAVE_STRINGS_H
| # include <strings.h>
| #endif
| #ifdef HAVE_SYS_TYPES_H
| # include <sys/types.h>
| #endif
| #ifdef HAVE_SYS_STAT_H
| # include <sys/stat.h>
| #endif
| #ifdef HAVE_UNISTD_H
| # include <unistd.h>
| #endif
| int
| main (void)
| {
| #ifndef __GLIBC__
| #ifdef __cplusplus
|   (void) __GLIBC__;
| #else
|   (void) __GLIBC__;
| #endif
| #endif
| 
|   ;
|   return 0;
| }
configure:17483: result: no
configure:17528: checking for -Wno-format-truncation
configure:17536: result: no
configure:17656: checking that generated files are newer than configure
configure:17662: result: done
configure:17705: creating ./config.status

## ---------------------- ##
## Running config.status. ##
## ---------------------- ##

This file was extended by jansson config.status 2.14, which was
generated by GNU Autoconf 2.71.  Invocation command line was

  CONFIG_FILES    = 
  CONFIG_HEADERS  = 
  CONFIG_LINKS    = 
  CONFIG_COMMANDS = 
  $ ./config.status 

on DESKTOP-RQPA8KB

config.status:1190: creating jansson.pc
config.status:1190: creating Makefile
config.status:1190: creating doc/Makefile
config.status:1190: creating src/Makefile
config.status:1190: creating src/jansson_config.h
config.status:1190: creating test/Makefile
config.status:1190: creating test/bin/Makefile
config.status:1190: creating test/ossfuzz/Makefile
config.status:1190: creating test/suites/Makefile
config.status:1190: creating test/suites/api/Makefile
config.status:1190: creating jansson_private_config.h
config.status:1371: jansson_private_config.h is unchanged
config.status:1419: executing depfiles commands
config.status:1419: executing libtool commands

## ---------------- ##
## Cache variables. ##
## ---------------- ##

ac_cv_build=x86_64-pc-cygwin
ac_cv_c_compiler_gnu=yes
ac_cv_c_inline=inline
ac_cv_c_int32_t=yes
ac_cv_c_uint16_t=yes
ac_cv_c_uint32_t=yes
ac_cv_c_uint8_t=yes
ac_cv_c_undeclared_builtin_options=-fno-builtin
ac_cv_cxx_compiler_gnu=yes
ac_cv_env_CCC_set=
ac_cv_env_CCC_value=
ac_cv_env_CC_set=set
ac_cv_env_CC_value=/cygdrive/c/Users/oruge/AppData/Local/Android/Sdk/ndk/25.1.8937393/toolchains/llvm/prebuilt/windows-x86_64/bin/armv7a-linux-androideabi23-clang
ac_cv_env_CFLAGS_set=
ac_cv_env_CFLAGS_value=
ac_cv_env_CPPFLAGS_set=
ac_cv_env_CPPFLAGS_value=
ac_cv_env_CXXCPP_set=
ac_cv_env_CXXCPP_value=
ac_cv_env_CXXFLAGS_set=
ac_cv_env_CXXFLAGS_value=
ac_cv_env_CXX_set=
ac_cv_env_CXX_value=
ac_cv_env_LDFLAGS_set=
ac_cv_env_LDFLAGS_value=
ac_cv_env_LIBS_set=
ac_cv_env_LIBS_value=
ac_cv_env_LT_SYS_LIBRARY_PATH_set=
ac_cv_env_LT_SYS_LIBRARY_PATH_value=
ac_cv_env_build_alias_set=
ac_cv_env_build_alias_value=
ac_cv_env_host_alias_set=set
ac_cv_env_host_alias_value=armv7a
ac_cv_env_target_alias_set=
ac_cv_env_target_alias_value=
ac_cv_func_close=yes
ac_cv_func_getpid=yes
ac_cv_func_gettimeofday=yes
ac_cv_func_localeconv=yes
ac_cv_func_open=yes
ac_cv_func_read=yes
ac_cv_func_sched_yield=yes
ac_cv_func_strtoll=yes
ac_cv_have_decl___GLIBC__=no
ac_cv_header_dlfcn_h=yes
ac_cv_header_endian_h=yes
ac_cv_header_fcntl_h=yes
ac_cv_header_inttypes_h=yes
ac_cv_header_locale_h=yes
ac_cv_header_sched_h=yes
ac_cv_header_stdint_h=yes
ac_cv_header_stdio_h=yes
ac_cv_header_stdlib_h=yes
ac_cv_header_string_h=yes
ac_cv_header_strings_h=yes
ac_cv_header_sys_param_h=yes
ac_cv_header_sys_stat_h=yes
ac_cv_header_sys_time_h=yes
ac_cv_header_sys_types_h=yes
ac_cv_header_unistd_h=yes
ac_cv_host=armv7a-unknown-none
ac_cv_objext=o
ac_cv_path_EGREP='/usr/bin/grep -E'
ac_cv_path_FGREP='/usr/bin/grep -F'
ac_cv_path_GREP=/usr/bin/grep
ac_cv_path_SED=/usr/bin/sed
ac_cv_path_install='/usr/bin/install -c'
ac_cv_path_lt_DD=/usr/bin/dd
ac_cv_path_mkdir=/usr/bin/mkdir
ac_cv_prog_AWK=gawk
ac_cv_prog_CC=/cygdrive/c/Users/oruge/AppData/Local/Android/Sdk/ndk/25.1.8937393/toolchains/llvm/prebuilt/windows-x86_64/bin/armv7a-linux-androideabi23-clang
ac_cv_prog_CXXCPP='g++ -E'
ac_cv_prog_STRIP=strip
ac_cv_prog_ac_ct_AR=ar
ac_cv_prog_ac_ct_CXX=g++
ac_cv_prog_ac_ct_DLLTOOL=dlltool
ac_cv_prog_ac_ct_DUMPBIN='link -dump'
ac_cv_prog_ac_ct_OBJDUMP=objdump
ac_cv_prog_ac_ct_RANLIB=ranlib
ac_cv_prog_ac_ct_STRIP=strip
ac_cv_prog_cc_c11=
ac_cv_prog_cc_g=yes
ac_cv_prog_cc_stdc=
ac_cv_prog_cxx_11=no
ac_cv_prog_cxx_cxx11=
ac_cv_prog_cxx_g=yes
ac_cv_prog_cxx_stdcxx=
ac_cv_prog_make_make_set=yes
ac_cv_type_long_long_int=yes
ac_cv_type_unsigned_long_long_int=yes
am_cv_CC_dependencies_compiler_type=none
am_cv_CXX_dependencies_compiler_type=none
am_cv_make_support_nested_variables=no
am_cv_prog_cc_c_o=yes
lt_cv_ar_at_file=@
lt_cv_archive_cmds_need_lc=no
lt_cv_deplibs_check_method=unknown
lt_cv_file_magic_cmd='$MAGIC_CMD'
lt_cv_file_magic_test_file=
lt_cv_ld_reload_flag=-r
lt_cv_nm_interface='BSD nm'
lt_cv_objdir=.libs
lt_cv_path_LD=C:/Users/oruge/AppData/Local/Android/Sdk/ndk/25.1.8937393/toolchains/llvm/prebuilt/windows-x86_64/bin/ld
lt_cv_path_LDCXX=C:/Users/oruge/AppData/Local/Android/Sdk/ndk/25.1.8937393/toolchains/llvm/prebuilt/windows-x86_64/bin/ld
lt_cv_path_NM=no
lt_cv_path_mainfest_tool=no
lt_cv_prog_compiler_c_o=yes
lt_cv_prog_compiler_c_o_CXX=yes
lt_cv_prog_compiler_pic='-fPIC -DPIC'
lt_cv_prog_compiler_pic_CXX='-fPIC -DPIC'
lt_cv_prog_compiler_pic_works=yes
lt_cv_prog_compiler_pic_works_CXX=yes
lt_cv_prog_compiler_rtti_exceptions=yes
lt_cv_prog_compiler_static_works=yes
lt_cv_prog_compiler_static_works_CXX=yes
lt_cv_prog_gnu_ld=yes
lt_cv_prog_gnu_ldcxx=yes
lt_cv_sharedlib_from_linklib_cmd='printf %s\n'
lt_cv_sys_global_symbol_pipe='sed -n -e '\''s/^.*[	 ]\([ABCDGIRSTW][ABCDGIRSTW]*\)[	 ][	 ]*\([_A-Za-z][_A-Za-z0-9]*\)$/\1 \2 \2/p'\'' | sed '\''/ __gnu_lto/d'\'''
lt_cv_sys_global_symbol_to_c_name_address='sed -n -e '\''s/^: \(.*\) .*$/  {"\1", (void *) 0},/p'\'' -e '\''s/^[ABCDGIRSTW][ABCDGIRSTW]* .* \(.*\)$/  {"\1", (void *) \&\1},/p'\'''
lt_cv_sys_global_symbol_to_c_name_address_lib_prefix='sed -n -e '\''s/^: \(.*\) .*$/  {"\1", (void *) 0},/p'\'' -e '\''s/^[ABCDGIRSTW][ABCDGIRSTW]* .* \(lib.*\)$/  {"\1", (void *) \&\1},/p'\'' -e '\''s/^[ABCDGIRSTW][ABCDGIRSTW]* .* \(.*\)$/  {"lib\1", (void *) \&\1},/p'\'''
lt_cv_sys_global_symbol_to_cdecl='sed -n -e '\''s/^T .* \(.*\)$/extern int \1();/p'\'' -e '\''s/^[ABCDGIRSTW][ABCDGIRSTW]* .* \(.*\)$/extern char \1;/p'\'''
lt_cv_sys_global_symbol_to_import=
lt_cv_sys_max_cmd_len=8192
lt_cv_to_host_file_cmd=func_convert_file_noop
lt_cv_to_tool_file_cmd=func_convert_file_noop
lt_cv_truncate_bin='/usr/bin/dd bs=4096 count=1'

## ----------------- ##
## Output variables. ##
## ----------------- ##

ACLOCAL='${SHELL} '\''/cygdrive/c/Users/oruge/AndroidStudioProjects/MyManer/app/nativelib/jansson-2.14/missing'\'' aclocal-1.16'
AMDEPBACKSLASH=''
AMDEP_FALSE=''
AMDEP_TRUE='#'
AMTAR='$${TAR-tar}'
AM_BACKSLASH='\'
AM_CFLAGS='-Wall -Wextra -Wdeclaration-after-statement -Wshadow '
AM_DEFAULT_V='1'
AM_DEFAULT_VERBOSITY='1'
AM_V='1'
AR='ar'
AUTOCONF='${SHELL} '\''/cygdrive/c/Users/oruge/AndroidStudioProjects/MyManer/app/nativelib/jansson-2.14/missing'\'' autoconf'
AUTOHEADER='${SHELL} '\''/cygdrive/c/Users/oruge/AndroidStudioProjects/MyManer/app/nativelib/jansson-2.14/missing'\'' autoheader'
AUTOMAKE='${SHELL} '\''/cygdrive/c/Users/oruge/AndroidStudioProjects/MyManer/app/nativelib/jansson-2.14/missing'\'' automake-1.16'
AWK='gawk'
CC='/cygdrive/c/Users/oruge/AppData/Local/Android/Sdk/ndk/25.1.8937393/toolchains/llvm/prebuilt/windows-x86_64/bin/armv7a-linux-androideabi23-clang'
CCDEPMODE='depmode=none'
CFLAGS='-g -O2'
CPPFLAGS=''
CSCOPE='cscope'
CTAGS='ctags'
CXX='g++'
CXXCPP='g++ -E'
CXXDEPMODE='depmode=none'
CXXFLAGS='-g -O2'
CYGPATH_W='cygpath -w'
DEFS='-DHAVE_CONFIG_H'
DEPDIR='.deps'
DLLTOOL='dlltool'
DSYMUTIL=''
DUMPBIN=':'
ECHO_C=''
ECHO_N='-n'
ECHO_T=''
EGREP='/usr/bin/grep -E'
ETAGS='etags'
EXEEXT=''
FGREP='/usr/bin/grep -F'
GCC_FALSE='#'
GCC_TRUE=''
GREP='/usr/bin/grep'
INSTALL_DATA='${INSTALL} -m 644'
INSTALL_PROGRAM='${INSTALL}'
INSTALL_SCRIPT='${INSTALL}'
INSTALL_STRIP_PROGRAM='$(install_sh) -c -s'
JSON_BSYMBOLIC_LDFLAGS=''
JSON_SYMVER_LDFLAGS=''
LD='C:/Users/oruge/AppData/Local/Android/Sdk/ndk/25.1.8937393/toolchains/llvm/prebuilt/windows-x86_64/bin/ld'
LDFLAGS=''
LIBOBJS=''
LIBS=''
LIBTOOL='$(SHELL) $(top_builddir)/libtool'
LIB_FUZZING_ENGINE=''
LIPO=''
LN_S='ln -s'
LTLIBOBJS=''
LT_SYS_LIBRARY_PATH=''
MAKEINFO='${SHELL} '\''/cygdrive/c/Users/oruge/AndroidStudioProjects/MyManer/app/nativelib/jansson-2.14/missing'\'' makeinfo'
MANIFEST_TOOL=':'
MKDIR_P='/usr/bin/mkdir -p'
NM='nm'
NMEDIT=''
OBJDUMP='objdump'
OBJEXT='o'
OTOOL64=''
OTOOL=''
PACKAGE='jansson'
PACKAGE_BUGREPORT='https://github.com/akheron/jansson/issues'
PACKAGE_NAME='jansson'
PACKAGE_STRING='jansson 2.14'
PACKAGE_TARNAME='jansson'
PACKAGE_URL=''
PACKAGE_VERSION='2.14'
PATH_SEPARATOR=':'
RANLIB='ranlib'
SED='/usr/bin/sed'
SET_MAKE=''
SHELL='/bin/sh'
STRIP='strip'
USE_OSSFUZZERS_FALSE=''
USE_OSSFUZZERS_TRUE='#'
USE_OSSFUZZ_FLAG_FALSE=''
USE_OSSFUZZ_FLAG_TRUE='#'
USE_OSSFUZZ_STATIC_FALSE=''
USE_OSSFUZZ_STATIC_TRUE='#'
VERSION='2.14'
ac_ct_AR='ar'
ac_ct_CC=''
ac_ct_CXX='g++'
ac_ct_DUMPBIN='link -dump'
am__EXEEXT_FALSE=''
am__EXEEXT_TRUE='#'
am__fastdepCC_FALSE=''
am__fastdepCC_TRUE='#'
am__fastdepCXX_FALSE=''
am__fastdepCXX_TRUE='#'
am__include='#'
am__isrc=''
am__leading_dot='.'
am__nodep=''
am__quote=''
am__tar='$${TAR-tar} chof - "$$tardir"'
am__untar='$${TAR-tar} xf -'
bindir='${exec_prefix}/bin'
build='x86_64-pc-cygwin'
build_alias=''
build_cpu='x86_64'
build_os='cygwin'
build_vendor='pc'
datadir='${datarootdir}'
datarootdir='${prefix}/share'
docdir='${datarootdir}/doc/${PACKAGE_TARNAME}'
dvidir='${docdir}'
exec_prefix='${prefix}'
host='armv7a-unknown-none'
host_alias='armv7a'
host_cpu='armv7a'
host_os='none'
host_vendor='unknown'
htmldir='${docdir}'
includedir='${prefix}/include'
infodir='${datarootdir}/info'
install_sh='${SHELL} /cygdrive/c/Users/oruge/AndroidStudioProjects/MyManer/app/nativelib/jansson-2.14/install-sh'
json_have_atomic_builtins='1'
json_have_localeconv='1'
json_have_long_long='1'
json_have_sync_builtins='1'
json_inline='inline'
libdir='${exec_prefix}/lib'
libexecdir='${exec_prefix}/libexec'
localedir='${datarootdir}/locale'
localstatedir='${prefix}/var'
mandir='${datarootdir}/man'
mkdir_p='$(MKDIR_P)'
oldincludedir='/usr/include'
pdfdir='${docdir}'
prefix='/usr/local'
program_transform_name='s,x,x,'
psdir='${docdir}'
runstatedir='${localstatedir}/run'
sbindir='${exec_prefix}/sbin'
sharedstatedir='${prefix}/com'
sysconfdir='${prefix}/etc'
target_alias=''

## ----------- ##
## confdefs.h. ##
## ----------- ##

/* confdefs.h */
#define PACKAGE_NAME "jansson"
#define PACKAGE_TARNAME "jansson"
#define PACKAGE_VERSION "2.14"
#define PACKAGE_STRING "jansson 2.14"
#define PACKAGE_BUGREPORT "https://github.com/akheron/jansson/issues"
#define PACKAGE_URL ""
#define PACKAGE "jansson"
#define VERSION "2.14"
#define HAVE_STDIO_H 1
#define HAVE_STDLIB_H 1
#define HAVE_STRING_H 1
#define HAVE_INTTYPES_H 1
#define HAVE_STDINT_H 1
#define HAVE_STRINGS_H 1
#define HAVE_SYS_STAT_H 1
#define HAVE_SYS_TYPES_H 1
#define HAVE_UNISTD_H 1
#define STDC_HEADERS 1
#define HAVE_DLFCN_H 1
#define LT_OBJDIR ".libs/"
#define HAVE_ENDIAN_H 1
#define HAVE_FCNTL_H 1
#define HAVE_LOCALE_H 1
#define HAVE_SCHED_H 1
#define HAVE_UNISTD_H 1
#define HAVE_SYS_PARAM_H 1
#define HAVE_SYS_STAT_H 1
#define HAVE_SYS_TIME_H 1
#define HAVE_SYS_TYPES_H 1
#define HAVE_UNSIGNED_LONG_LONG_INT 1
#define HAVE_LONG_LONG_INT 1
#define HAVE_CLOSE 1
#define HAVE_GETPID 1
#define HAVE_GETTIMEOFDAY 1
#define HAVE_LOCALECONV 1
#define HAVE_OPEN 1
#define HAVE_READ 1
#define HAVE_SCHED_YIELD 1
#define HAVE_STRTOLL 1
#define HAVE_SYNC_BUILTINS 1
#define HAVE_ATOMIC_BUILTINS 1
#define USE_URANDOM 1
#define USE_WINDOWS_CRYPTOAPI 1
#define INITIAL_HASHTABLE_ORDER 3

configure: exit 0
