--------------------
./configure
Wed Jan  4 17:40:23 MSK 2023
=== ztest25244.c ===
extern int getchar();
int hello() {return getchar();}
===
/cygdrive/c/Users/oruge/AppData/Local/Android/Sdk/ndk/25.1.8937393/toolchains/llvm/prebuilt/windows-x86_64/bin/armv7a-linux-androideabi23-clang -c ztest25244.c
... using gcc

Checking for obsessive-compulsive compiler options...
=== ztest25244.c ===
int foo() { return 0; }
===
/cygdrive/c/Users/oruge/AppData/Local/Android/Sdk/ndk/25.1.8937393/toolchains/llvm/prebuilt/windows-x86_64/bin/armv7a-linux-androideabi23-clang -c -Icurl-android-ios-master/prebuilt-with-ssl/android/include ztest25244.c

Checking for shared library support...
=== ztest25244.c ===
extern int getchar();
int hello() {return getchar();}
===
/cygdrive/c/Users/oruge/AppData/Local/Android/Sdk/ndk/25.1.8937393/toolchains/llvm/prebuilt/windows-x86_64/bin/armv7a-linux-androideabi23-clang -w -c -Icurl-android-ios-master/prebuilt-with-ssl/android/include -fPIC ztest25244.c
-Icurl-android-ios-master/prebuilt-with-ssl/android/include -fPIC -o ztest25244.so ztest25244.o
./configure: line 390: -Icurl-android-ios-master/prebuilt-with-ssl/android/include: No such file or directory
(exit code 127)
No shared library support; try without defining CC and CFLAGS
Building static library libz.a version 1.2.13 with /cygdrive/c/Users/oruge/AppData/Local/Android/Sdk/ndk/25.1.8937393/toolchains/llvm/prebuilt/windows-x86_64/bin/armv7a-linux-androideabi23-clang.

=== ztest25244.c ===
#include <stdio.h>
#include <stdlib.h>
size_t dummy = 0;
===
/cygdrive/c/Users/oruge/AppData/Local/Android/Sdk/ndk/25.1.8937393/toolchains/llvm/prebuilt/windows-x86_64/bin/armv7a-linux-androideabi23-clang -c -Icurl-android-ios-master/prebuilt-with-ssl/android/include ztest25244.c
Checking for size_t... Yes.

=== ztest25244.c ===
#include <sys/types.h>
off64_t dummy = 0;
===
/cygdrive/c/Users/oruge/AppData/Local/Android/Sdk/ndk/25.1.8937393/toolchains/llvm/prebuilt/windows-x86_64/bin/armv7a-linux-androideabi23-clang -c -Icurl-android-ios-master/prebuilt-with-ssl/android/include -D_LARGEFILE64_SOURCE=1 ztest25244.c
Checking for off64_t... Yes.
Checking for fseeko... Yes.

=== ztest25244.c ===
#include <string.h>
#include <errno.h>
int main() { return strlen(strerror(errno)); }
===
/cygdrive/c/Users/oruge/AppData/Local/Android/Sdk/ndk/25.1.8937393/toolchains/llvm/prebuilt/windows-x86_64/bin/armv7a-linux-androideabi23-clang -Icurl-android-ios-master/prebuilt-with-ssl/android/include -D_LARGEFILE64_SOURCE=1 -o ztest25244 ztest25244.c
Checking for strerror... Yes.

=== ztest25244.c ===
#include <unistd.h>
int main() { return 0; }
===
/cygdrive/c/Users/oruge/AppData/Local/Android/Sdk/ndk/25.1.8937393/toolchains/llvm/prebuilt/windows-x86_64/bin/armv7a-linux-androideabi23-clang -c -Icurl-android-ios-master/prebuilt-with-ssl/android/include -D_LARGEFILE64_SOURCE=1 ztest25244.c
Checking for unistd.h... Yes.

=== ztest25244.c ===
#include <stdarg.h>
int main() { return 0; }
===
/cygdrive/c/Users/oruge/AppData/Local/Android/Sdk/ndk/25.1.8937393/toolchains/llvm/prebuilt/windows-x86_64/bin/armv7a-linux-androideabi23-clang -c -Icurl-android-ios-master/prebuilt-with-ssl/android/include -D_LARGEFILE64_SOURCE=1 ztest25244.c
Checking for stdarg.h... Yes.

=== ztest25244.c ===
#include <stdio.h>
#include <stdarg.h>
#include "zconf.h"
int main()
{
#ifndef STDC
  choke me
#endif
  return 0;
}
===
/cygdrive/c/Users/oruge/AppData/Local/Android/Sdk/ndk/25.1.8937393/toolchains/llvm/prebuilt/windows-x86_64/bin/armv7a-linux-androideabi23-clang -c -Icurl-android-ios-master/prebuilt-with-ssl/android/include -D_LARGEFILE64_SOURCE=1 ztest25244.c
Checking whether to use vs[n]printf() or s[n]printf()... using vs[n]printf().

=== ztest25244.c ===
#include <stdio.h>
#include <stdarg.h>
int mytest(const char *fmt, ...)
{
  char buf[20];
  va_list ap;
  va_start(ap, fmt);
  vsnprintf(buf, sizeof(buf), fmt, ap);
  va_end(ap);
  return 0;
}
int main()
{
  return (mytest("Hello%d\n", 1));
}
===
/cygdrive/c/Users/oruge/AppData/Local/Android/Sdk/ndk/25.1.8937393/toolchains/llvm/prebuilt/windows-x86_64/bin/armv7a-linux-androideabi23-clang -Icurl-android-ios-master/prebuilt-with-ssl/android/include -D_LARGEFILE64_SOURCE=1 -o ztest25244 ztest25244.c
Checking for vsnprintf() in stdio.h... Yes.

=== ztest25244.c ===
#include <stdio.h>
#include <stdarg.h>
int mytest(const char *fmt, ...)
{
  int n;
  char buf[20];
  va_list ap;
  va_start(ap, fmt);
  n = vsnprintf(buf, sizeof(buf), fmt, ap);
  va_end(ap);
  return n;
}
int main()
{
  return (mytest("Hello%d\n", 1));
}
===
/cygdrive/c/Users/oruge/AppData/Local/Android/Sdk/ndk/25.1.8937393/toolchains/llvm/prebuilt/windows-x86_64/bin/armv7a-linux-androideabi23-clang -c -Icurl-android-ios-master/prebuilt-with-ssl/android/include -D_LARGEFILE64_SOURCE=1 ztest25244.c
Checking for return value of vsnprintf()... Yes.

=== ztest25244.c ===
#define ZLIB_INTERNAL __attribute__((visibility ("hidden")))
int ZLIB_INTERNAL foo;
int main()
{
  return 0;
}
===
/cygdrive/c/Users/oruge/AppData/Local/Android/Sdk/ndk/25.1.8937393/toolchains/llvm/prebuilt/windows-x86_64/bin/armv7a-linux-androideabi23-clang -c -Icurl-android-ios-master/prebuilt-with-ssl/android/include -D_LARGEFILE64_SOURCE=1 ztest25244.c
Checking for attribute(visibility) support... Yes.

ALL = static all64
AR = ar
ARFLAGS = rc
CC = /cygdrive/c/Users/oruge/AppData/Local/Android/Sdk/ndk/25.1.8937393/toolchains/llvm/prebuilt/windows-x86_64/bin/armv7a-linux-androideabi23-clang
CFLAGS = -Icurl-android-ios-master/prebuilt-with-ssl/android/include -D_LARGEFILE64_SOURCE=1 -DHAVE_HIDDEN
CPP =
EXE = .exe
LDCONFIG = ldconfig
LDFLAGS = -L/.
LDSHARED = /cygdrive/c/Users/oruge/AppData/Local/Android/Sdk/ndk/25.1.8937393/toolchains/llvm/prebuilt/windows-x86_64/bin/armv7a-linux-androideabi23-clang
LDSHAREDLIBC = -lc
OBJC = $(OBJZ) $(OBJG)
PIC_OBJC = $(PIC_OBJZ) $(PIC_OBJG)
RANLIB = ranlib
SFLAGS = -Icurl-android-ios-master/prebuilt-with-ssl/android/include -fPIC -D_LARGEFILE64_SOURCE=1 -DHAVE_HIDDEN
SHAREDLIB =
SHAREDLIBM =
SHAREDLIBV =
STATICLIB = libz.a
TEST = all teststatic test64
VER = 1.2.13
SRCDIR =
exec_prefix = ${prefix}
includedir = ${prefix}/include
libdir = ${exec_prefix}/lib
mandir = ${prefix}/share/man
prefix = /usr/local
sharedlibdir = ${libdir}
uname = CYGWIN_NT-10.0-19044
--------------------


